{"uuid":"6ccb5583-9755-47a2-9773-819abf4fd71b","historyId":"561caa5399e94070a96fe27a09b71427","fullName":"features/web/Web CheckoutMission.feature:11","labels":[{"name":"tag","value":"web"},{"name":"tag","value":"e2e"},{"name":"severity","value":"critical"},{"name":"tag","value":"e2e"},{"name":"host","value":"M-dz"},{"name":"thread","value":"12324@M-dz.Test worker(1)"},{"name":"feature","value":"Complete Checkout Mission - End-to-End Shopping Flow"},{"name":"story","value":"Complete shopping mission - Full checkout flow"},{"name":"suite","value":"Complete Checkout Mission - End-to-End Shopping Flow"},{"name":"testClass","value":"Complete shopping mission - Full checkout flow"},{"name":"framework","value":"cucumber4jvm"},{"name":"language","value":"java"},{"name":"gherkin_uri","value":"classpath:features/web/Web%20CheckoutMission.feature"},{"name":"package","value":"features.web.Web CheckoutMission_feature.Complete Checkout Mission - End-to-End Shopping Flow"}],"links":[],"name":"Complete shopping mission - Full checkout flow","status":"broken","statusDetails":{"known":false,"muted":false,"flaky":false,"message":"unexpected alert open: {Alert text : Sign up successful.}\n  (Session info: chrome=137.0.7151.69): Sign up successful.\nBuild info: version: '4.16.1', revision: '9b4c83354e'\nSystem info: os.name: 'Windows 11', os.arch: 'amd64', os.version: '10.0', java.version: '17.0.12'\nDriver info: org.openqa.selenium.chrome.ChromeDriver\nCommand: [d2d1e4cfb979035e7d3c36d5c4b11fd8, findElement {using=id, value=signInModal}]\nCapabilities {acceptInsecureCerts: false, browserName: chrome, browserVersion: 137.0.7151.69, chrome: {chromedriverVersion: 137.0.7151.68 (2989ffee9373..., userDataDir: C:\\Users\\azka1\\AppData\\Loca...}, fedcm:accounts: true, goog:chromeOptions: {debuggerAddress: localhost:57228}, networkConnectionEnabled: false, pageLoadStrategy: normal, platformName: windows, proxy: Proxy(), se:cdp: ws://localhost:57228/devtoo..., se:cdpVersion: 137.0.7151.69, setWindowRect: true, strictFileInteractability: false, timeouts: {implicit: 0, pageLoad: 300000, script: 30000}, unhandledPromptBehavior: dismiss and notify, webauthn:extension:credBlob: true, webauthn:extension:largeBlob: true, webauthn:extension:minPinLength: true, webauthn:extension:prf: true, webauthn:virtualAuthenticators: true}\nSession ID: d2d1e4cfb979035e7d3c36d5c4b11fd8","trace":"org.openqa.selenium.UnhandledAlertException: unexpected alert open: {Alert text : Sign up successful.}\n  (Session info: chrome=137.0.7151.69): Sign up successful.\nBuild info: version: '4.16.1', revision: '9b4c83354e'\nSystem info: os.name: 'Windows 11', os.arch: 'amd64', os.version: '10.0', java.version: '17.0.12'\nDriver info: org.openqa.selenium.chrome.ChromeDriver\nCommand: [d2d1e4cfb979035e7d3c36d5c4b11fd8, findElement {using=id, value=signInModal}]\nCapabilities {acceptInsecureCerts: false, browserName: chrome, browserVersion: 137.0.7151.69, chrome: {chromedriverVersion: 137.0.7151.68 (2989ffee9373..., userDataDir: C:\\Users\\azka1\\AppData\\Loca...}, fedcm:accounts: true, goog:chromeOptions: {debuggerAddress: localhost:57228}, networkConnectionEnabled: false, pageLoadStrategy: normal, platformName: windows, proxy: Proxy(), se:cdp: ws://localhost:57228/devtoo..., se:cdpVersion: 137.0.7151.69, setWindowRect: true, strictFileInteractability: false, timeouts: {implicit: 0, pageLoad: 300000, script: 30000}, unhandledPromptBehavior: dismiss and notify, webauthn:extension:credBlob: true, webauthn:extension:largeBlob: true, webauthn:extension:minPinLength: true, webauthn:extension:prf: true, webauthn:virtualAuthenticators: true}\nSession ID: d2d1e4cfb979035e7d3c36d5c4b11fd8\r\n\tat org.openqa.selenium.remote.codec.w3c.W3CHttpResponseCodec.decode(W3CHttpResponseCodec.java:131)\r\n\tat org.openqa.selenium.remote.codec.w3c.W3CHttpResponseCodec.decode(W3CHttpResponseCodec.java:52)\r\n\tat org.openqa.selenium.remote.HttpCommandExecutor.execute(HttpCommandExecutor.java:191)\r\n\tat org.openqa.selenium.remote.service.DriverCommandExecutor.invokeExecute(DriverCommandExecutor.java:200)\r\n\tat org.openqa.selenium.remote.service.DriverCommandExecutor.execute(DriverCommandExecutor.java:175)\r\n\tat org.openqa.selenium.remote.RemoteWebDriver.execute(RemoteWebDriver.java:523)\r\n\tat org.openqa.selenium.remote.ElementLocation$ElementFinder$2.findElement(ElementLocation.java:165)\r\n\tat org.openqa.selenium.remote.ElementLocation.findElement(ElementLocation.java:59)\r\n\tat org.openqa.selenium.remote.RemoteWebDriver.findElement(RemoteWebDriver.java:360)\r\n\tat org.openqa.selenium.remote.RemoteWebDriver.findElement(RemoteWebDriver.java:354)\r\n\tat org.openqa.selenium.support.pagefactory.DefaultElementLocator.findElement(DefaultElementLocator.java:68)\r\n\tat org.openqa.selenium.support.pagefactory.internal.LocatingElementHandler.invoke(LocatingElementHandler.java:38)\r\n\tat jdk.proxy3/jdk.proxy3.$Proxy32.isDisplayed(Unknown Source)\r\n\tat org.openqa.selenium.support.ui.ExpectedConditions.isInvisible(ExpectedConditions.java:1374)\r\n\tat org.openqa.selenium.support.ui.ExpectedConditions$48.apply(ExpectedConditions.java:1362)\r\n\tat org.openqa.selenium.support.ui.ExpectedConditions$48.apply(ExpectedConditions.java:1358)\r\n\tat org.openqa.selenium.support.ui.FluentWait.until(FluentWait.java:204)\r\n\tat com.kestrel.web.pages.SignUpPage.signUp(SignUpPage.java:54)\r\n\tat com.kestrel.web.stepdefs.WebStepDefinitions.iRegisterWithCredentials(WebStepDefinitions.java:176)\r\n\tat ✽.I register with credentials \"kestrel_shopper\" and \"mission123\"(classpath:features/web/Web%20CheckoutMission.feature:14)\r\n"},"stage":"finished","description":"  As a Kestrel Engine operator\n  I want to execute complete shopping mission\n  So that I can validate entire e-commerce workflow","steps":[{"name":"Given  Kestrel agent is positioned at Demoblaze homepage","status":"passed","statusDetails":{"known":false,"muted":false,"flaky":false},"stage":"finished","steps":[],"attachments":[],"parameters":[],"start":1749330061762,"stop":1749330064675},{"name":"Given  I am on the homepage","status":"passed","statusDetails":{"known":false,"muted":false,"flaky":false},"stage":"finished","steps":[],"attachments":[],"parameters":[],"start":1749330065217,"stop":1749330065630},{"name":"When  I navigate to sign up","status":"passed","statusDetails":{"known":false,"muted":false,"flaky":false},"stage":"finished","steps":[],"attachments":[],"parameters":[],"start":1749330066056,"stop":1749330067202},{"name":"And  I register with credentials \"kestrel_shopper\" and \"mission123\"","status":"broken","statusDetails":{"known":false,"muted":false,"flaky":false,"message":"unexpected alert open: {Alert text : Sign up successful.}\n  (Session info: chrome=137.0.7151.69): Sign up successful.\nBuild info: version: '4.16.1', revision: '9b4c83354e'\nSystem info: os.name: 'Windows 11', os.arch: 'amd64', os.version: '10.0', java.version: '17.0.12'\nDriver info: org.openqa.selenium.chrome.ChromeDriver\nCommand: [d2d1e4cfb979035e7d3c36d5c4b11fd8, findElement {using=id, value=signInModal}]\nCapabilities {acceptInsecureCerts: false, browserName: chrome, browserVersion: 137.0.7151.69, chrome: {chromedriverVersion: 137.0.7151.68 (2989ffee9373..., userDataDir: C:\\Users\\azka1\\AppData\\Loca...}, fedcm:accounts: true, goog:chromeOptions: {debuggerAddress: localhost:57228}, networkConnectionEnabled: false, pageLoadStrategy: normal, platformName: windows, proxy: Proxy(), se:cdp: ws://localhost:57228/devtoo..., se:cdpVersion: 137.0.7151.69, setWindowRect: true, strictFileInteractability: false, timeouts: {implicit: 0, pageLoad: 300000, script: 30000}, unhandledPromptBehavior: dismiss and notify, webauthn:extension:credBlob: true, webauthn:extension:largeBlob: true, webauthn:extension:minPinLength: true, webauthn:extension:prf: true, webauthn:virtualAuthenticators: true}\nSession ID: d2d1e4cfb979035e7d3c36d5c4b11fd8","trace":"org.openqa.selenium.UnhandledAlertException: unexpected alert open: {Alert text : Sign up successful.}\n  (Session info: chrome=137.0.7151.69): Sign up successful.\nBuild info: version: '4.16.1', revision: '9b4c83354e'\nSystem info: os.name: 'Windows 11', os.arch: 'amd64', os.version: '10.0', java.version: '17.0.12'\nDriver info: org.openqa.selenium.chrome.ChromeDriver\nCommand: [d2d1e4cfb979035e7d3c36d5c4b11fd8, findElement {using=id, value=signInModal}]\nCapabilities {acceptInsecureCerts: false, browserName: chrome, browserVersion: 137.0.7151.69, chrome: {chromedriverVersion: 137.0.7151.68 (2989ffee9373..., userDataDir: C:\\Users\\azka1\\AppData\\Loca...}, fedcm:accounts: true, goog:chromeOptions: {debuggerAddress: localhost:57228}, networkConnectionEnabled: false, pageLoadStrategy: normal, platformName: windows, proxy: Proxy(), se:cdp: ws://localhost:57228/devtoo..., se:cdpVersion: 137.0.7151.69, setWindowRect: true, strictFileInteractability: false, timeouts: {implicit: 0, pageLoad: 300000, script: 30000}, unhandledPromptBehavior: dismiss and notify, webauthn:extension:credBlob: true, webauthn:extension:largeBlob: true, webauthn:extension:minPinLength: true, webauthn:extension:prf: true, webauthn:virtualAuthenticators: true}\nSession ID: d2d1e4cfb979035e7d3c36d5c4b11fd8\r\n\tat org.openqa.selenium.remote.codec.w3c.W3CHttpResponseCodec.decode(W3CHttpResponseCodec.java:131)\r\n\tat org.openqa.selenium.remote.codec.w3c.W3CHttpResponseCodec.decode(W3CHttpResponseCodec.java:52)\r\n\tat org.openqa.selenium.remote.HttpCommandExecutor.execute(HttpCommandExecutor.java:191)\r\n\tat org.openqa.selenium.remote.service.DriverCommandExecutor.invokeExecute(DriverCommandExecutor.java:200)\r\n\tat org.openqa.selenium.remote.service.DriverCommandExecutor.execute(DriverCommandExecutor.java:175)\r\n\tat org.openqa.selenium.remote.RemoteWebDriver.execute(RemoteWebDriver.java:523)\r\n\tat org.openqa.selenium.remote.ElementLocation$ElementFinder$2.findElement(ElementLocation.java:165)\r\n\tat org.openqa.selenium.remote.ElementLocation.findElement(ElementLocation.java:59)\r\n\tat org.openqa.selenium.remote.RemoteWebDriver.findElement(RemoteWebDriver.java:360)\r\n\tat org.openqa.selenium.remote.RemoteWebDriver.findElement(RemoteWebDriver.java:354)\r\n\tat org.openqa.selenium.support.pagefactory.DefaultElementLocator.findElement(DefaultElementLocator.java:68)\r\n\tat org.openqa.selenium.support.pagefactory.internal.LocatingElementHandler.invoke(LocatingElementHandler.java:38)\r\n\tat jdk.proxy3/jdk.proxy3.$Proxy32.isDisplayed(Unknown Source)\r\n\tat org.openqa.selenium.support.ui.ExpectedConditions.isInvisible(ExpectedConditions.java:1374)\r\n\tat org.openqa.selenium.support.ui.ExpectedConditions$48.apply(ExpectedConditions.java:1362)\r\n\tat org.openqa.selenium.support.ui.ExpectedConditions$48.apply(ExpectedConditions.java:1358)\r\n\tat org.openqa.selenium.support.ui.FluentWait.until(FluentWait.java:204)\r\n\tat com.kestrel.web.pages.SignUpPage.signUp(SignUpPage.java:54)\r\n\tat com.kestrel.web.stepdefs.WebStepDefinitions.iRegisterWithCredentials(WebStepDefinitions.java:176)\r\n\tat ✽.I register with credentials \"kestrel_shopper\" and \"mission123\"(classpath:features/web/Web%20CheckoutMission.feature:14)\r\n"},"stage":"finished","steps":[],"attachments":[],"parameters":[],"start":1749330067545,"stop":1749330068649},{"name":"Then  registration should be successful","status":"skipped","statusDetails":{"known":false,"muted":false,"flaky":false},"stage":"finished","steps":[],"attachments":[],"parameters":[],"start":1749330070204,"stop":1749330070204},{"name":"When  I login with credentials \"kestrel_shopper\" and \"mission123\"","status":"skipped","statusDetails":{"known":false,"muted":false,"flaky":false},"stage":"finished","steps":[],"attachments":[],"parameters":[],"start":1749330070204,"stop":1749330070204},{"name":"Then  I should be successfully authenticated","status":"skipped","statusDetails":{"known":false,"muted":false,"flaky":false},"stage":"finished","steps":[],"attachments":[],"parameters":[],"start":1749330070217,"stop":1749330070222},{"name":"When  I browse to \"Phones\" category","status":"skipped","statusDetails":{"known":false,"muted":false,"flaky":false},"stage":"finished","steps":[],"attachments":[],"parameters":[],"start":1749330070222,"stop":1749330070222},{"name":"And  I select product \"Samsung galaxy s6\"","status":"skipped","statusDetails":{"known":false,"muted":false,"flaky":false},"stage":"finished","steps":[],"attachments":[],"parameters":[],"start":1749330070222,"stop":1749330070233},{"name":"And  I add product to cart","status":"skipped","statusDetails":{"known":false,"muted":false,"flaky":false},"stage":"finished","steps":[],"attachments":[],"parameters":[],"start":1749330070235,"stop":1749330070235},{"name":"Then  product should be added to cart","status":"skipped","statusDetails":{"known":false,"muted":false,"flaky":false},"stage":"finished","steps":[],"attachments":[],"parameters":[],"start":1749330070241,"stop":1749330070241},{"name":"When  I browse to \"Laptops\" category","status":"skipped","statusDetails":{"known":false,"muted":false,"flaky":false},"stage":"finished","steps":[],"attachments":[],"parameters":[],"start":1749330070241,"stop":1749330070241},{"name":"And  I select product \"Sony vaio i5\"","status":"skipped","statusDetails":{"known":false,"muted":false,"flaky":false},"stage":"finished","steps":[],"attachments":[],"parameters":[],"start":1749330070249,"stop":1749330070252},{"name":"And  I add product to cart","status":"skipped","statusDetails":{"known":false,"muted":false,"flaky":false},"stage":"finished","steps":[],"attachments":[],"parameters":[],"start":1749330070252,"stop":1749330070258},{"name":"Then  second product should be added to cart","status":"skipped","statusDetails":{"known":false,"muted":false,"flaky":false},"stage":"finished","steps":[],"attachments":[],"parameters":[],"start":1749330070258,"stop":1749330070258},{"name":"When  I navigate to cart","status":"skipped","statusDetails":{"known":false,"muted":false,"flaky":false},"stage":"finished","steps":[],"attachments":[],"parameters":[],"start":1749330070258,"stop":1749330070258},{"name":"Then  I should see both products in cart","status":"skipped","statusDetails":{"known":false,"muted":false,"flaky":false},"stage":"finished","steps":[],"attachments":[],"parameters":[],"start":1749330070258,"stop":1749330070258},{"name":"And  cart total should be calculated","status":"skipped","statusDetails":{"known":false,"muted":false,"flaky":false},"stage":"finished","steps":[],"attachments":[],"parameters":[],"start":1749330070266,"stop":1749330070266},{"name":"When  I proceed to checkout","status":"skipped","statusDetails":{"known":false,"muted":false,"flaky":false},"stage":"finished","steps":[],"attachments":[],"parameters":[],"start":1749330070274,"stop":1749330070274},{"name":"And  I fill checkout form with mission details","status":"skipped","statusDetails":{"known":false,"muted":false,"flaky":false},"stage":"finished","steps":[],"attachments":[{"name":"Data table","source":"53f80e74-7330-47ba-bb5a-bdb0667923af-attachment.csv","type":"text/tab-separated-values"}],"parameters":[],"start":1749330070274,"stop":1749330070274},{"name":"And  I complete the purchase","status":"skipped","statusDetails":{"known":false,"muted":false,"flaky":false},"stage":"finished","steps":[],"attachments":[],"parameters":[],"start":1749330070274,"stop":1749330070290},{"name":"Then  order should be confirmed","status":"skipped","statusDetails":{"known":false,"muted":false,"flaky":false},"stage":"finished","steps":[],"attachments":[],"parameters":[],"start":1749330070290,"stop":1749330070290},{"name":"And  confirmation message should appear","status":"skipped","statusDetails":{"known":false,"muted":false,"flaky":false},"stage":"finished","steps":[],"attachments":[],"parameters":[],"start":1749330070290,"stop":1749330070290},{"name":"And  order ID should be generated","status":"skipped","statusDetails":{"known":false,"muted":false,"flaky":false},"stage":"finished","steps":[],"attachments":[],"parameters":[],"start":1749330070290,"stop":1749330070290}],"attachments":[],"parameters":[],"start":1749330051639,"stop":1749330073088}