<?xml version="1.0" encoding="UTF-8"?>
<testsuite name="com.kestrel.runners.WebTestRunner" tests="16" skipped="0" failures="16" errors="0" timestamp="2025-06-07T15:16:47" hostname="M-DZ" time="33.779">
  <properties/>
  <testcase name="Complete shopping mission - Full checkout flow" classname="com.kestrel.runners.WebTestRunner" time="6.575">
    <failure message="java.lang.RuntimeException: Web scenario setup failed" type="java.lang.RuntimeException">java.lang.RuntimeException: Web scenario setup failed
	at com.kestrel.utils.Hooks.beforeWebScenario(Hooks.java:94)
	at com.kestrel.utils.Hooks.beforeE2EScenario(Hooks.java:135)
Caused by: java.lang.RuntimeException: Chrome driver initialization failed
	at com.kestrel.utils.DriverManager.createChromeDriver(DriverManager.java:130)
	at com.kestrel.utils.DriverManager.initializeDriver(DriverManager.java:51)
	at com.kestrel.utils.Hooks.beforeWebScenario(Hooks.java:83)
	at com.kestrel.utils.Hooks.beforeE2EScenario(Hooks.java:135)
	at java.base/java.lang.reflect.Method.invoke(Method.java:568)
	at io.cucumber.java.Invoker.doInvoke(Invoker.java:66)
	at io.cucumber.java.Invoker.invoke(Invoker.java:24)
	at io.cucumber.java.AbstractGlueDefinition.invokeMethod(AbstractGlueDefinition.java:47)
	at io.cucumber.java.JavaHookDefinition.execute(JavaHookDefinition.java:64)
	at io.cucumber.core.runner.CoreHookDefinition.execute(CoreHookDefinition.java:46)
	at io.cucumber.core.runner.HookDefinitionMatch.runStep(HookDefinitionMatch.java:21)
	at io.cucumber.core.runner.ExecutionMode$1.execute(ExecutionMode.java:10)
	at io.cucumber.core.runner.TestStep.executeStep(TestStep.java:84)
	at io.cucumber.core.runner.TestStep.run(TestStep.java:56)
	at io.cucumber.core.runner.TestCase.run(TestCase.java:78)
	at io.cucumber.core.runner.Runner.runPickle(Runner.java:75)
	at io.cucumber.junit.platform.engine.CucumberEngineExecutionContext.lambda$runTestCase$4(CucumberEngineExecutionContext.java:112)
	at io.cucumber.core.runtime.CucumberExecutionContext.lambda$runTestCase$5(CucumberExecutionContext.java:137)
	at io.cucumber.core.runtime.RethrowingThrowableCollector.executeAndThrow(RethrowingThrowableCollector.java:23)
	at io.cucumber.core.runtime.CucumberExecutionContext.runTestCase(CucumberExecutionContext.java:137)
	at io.cucumber.junit.platform.engine.CucumberEngineExecutionContext.runTestCase(CucumberEngineExecutionContext.java:109)
	at io.cucumber.junit.platform.engine.NodeDescriptor$PickleDescriptor.execute(NodeDescriptor.java:168)
	at io.cucumber.junit.platform.engine.NodeDescriptor$PickleDescriptor.execute(NodeDescriptor.java:90)
	at java.base/java.util.ArrayList.forEach(ArrayList.java:1511)
	at java.base/java.util.ArrayList.forEach(ArrayList.java:1511)
Caused by: org.openqa.selenium.SessionNotCreatedException: Could not start a new session. Response code 500. Message: session not created
from unknown error: cannot find Chrome binary 
Host info: host: 'M-DZ', ip: '192.168.1.12'
Build info: version: '4.16.1', revision: '9b4c83354e'
System info: os.name: 'Windows 11', os.arch: 'amd64', os.version: '10.0', java.version: '17.0.12'
Driver info: org.openqa.selenium.chrome.ChromeDriver
Command: [null, newSession {capabilities=[Capabilities {browserName: chrome, goog:chromeOptions: {args: [--start-maximized, --disable-web-security, --disable-features=VizDispl..., --disable-extensions, --disable-plugins, --disable-background-timer-..., --disable-backgrounding-occ..., --disable-renderer-backgrou..., --disable-ipc-flooding-prot..., --disable-hang-monitor, --disable-prompt-on-repost, --disable-domain-reliability, --max_old_space_size=4096, --disable-background-networ..., --no-first-run, --disable-default-apps, --disable-popup-blocking, --disable-translate, --disable-notifications, --disable-logging, --disable-login-animations, --disable-motion-blur, --disable-new-tab-first-run, --no-default-browser-check, --no-pings, --disable-sync, --disable-component-update, --disable-client-side-phish...], extensions: []}}]}]
	at app//org.openqa.selenium.remote.ProtocolHandshake.createSession(ProtocolHandshake.java:140)
	at app//org.openqa.selenium.remote.ProtocolHandshake.createSession(ProtocolHandshake.java:96)
	at app//org.openqa.selenium.remote.ProtocolHandshake.createSession(ProtocolHandshake.java:68)
	at app//org.openqa.selenium.remote.HttpCommandExecutor.execute(HttpCommandExecutor.java:163)
	at app//org.openqa.selenium.remote.service.DriverCommandExecutor.invokeExecute(DriverCommandExecutor.java:200)
	at app//org.openqa.selenium.remote.service.DriverCommandExecutor.execute(DriverCommandExecutor.java:175)
	at app//org.openqa.selenium.remote.RemoteWebDriver.execute(RemoteWebDriver.java:523)
	at app//org.openqa.selenium.remote.RemoteWebDriver.startSession(RemoteWebDriver.java:237)
	at app//org.openqa.selenium.remote.RemoteWebDriver.&lt;init&gt;(RemoteWebDriver.java:164)
	at app//org.openqa.selenium.chromium.ChromiumDriver.&lt;init&gt;(ChromiumDriver.java:114)
	at app//org.openqa.selenium.chrome.ChromeDriver.&lt;init&gt;(ChromeDriver.java:89)
	at app//org.openqa.selenium.chrome.ChromeDriver.&lt;init&gt;(ChromeDriver.java:84)
	at app//org.openqa.selenium.chrome.ChromeDriver.&lt;init&gt;(ChromeDriver.java:73)
	at app//com.kestrel.utils.DriverManager.createChromeDriver(DriverManager.java:126)
	... 24 more
</failure>
  </testcase>
  <testcase name="Guest checkout with product selection" classname="com.kestrel.runners.WebTestRunner" time="3.087">
    <failure message="java.lang.RuntimeException: Web scenario setup failed" type="java.lang.RuntimeException">java.lang.RuntimeException: Web scenario setup failed
	at com.kestrel.utils.Hooks.beforeWebScenario(Hooks.java:94)
	at com.kestrel.utils.Hooks.beforeE2EScenario(Hooks.java:135)
Caused by: java.lang.RuntimeException: Chrome driver initialization failed
	at com.kestrel.utils.DriverManager.createChromeDriver(DriverManager.java:130)
	at com.kestrel.utils.DriverManager.initializeDriver(DriverManager.java:51)
	at com.kestrel.utils.Hooks.beforeWebScenario(Hooks.java:83)
	at com.kestrel.utils.Hooks.beforeE2EScenario(Hooks.java:135)
	at java.base/java.lang.reflect.Method.invoke(Method.java:568)
	at io.cucumber.java.Invoker.doInvoke(Invoker.java:66)
	at io.cucumber.java.Invoker.invoke(Invoker.java:24)
	at io.cucumber.java.AbstractGlueDefinition.invokeMethod(AbstractGlueDefinition.java:47)
	at io.cucumber.java.JavaHookDefinition.execute(JavaHookDefinition.java:64)
	at io.cucumber.core.runner.CoreHookDefinition.execute(CoreHookDefinition.java:46)
	at io.cucumber.core.runner.HookDefinitionMatch.runStep(HookDefinitionMatch.java:21)
	at io.cucumber.core.runner.ExecutionMode$1.execute(ExecutionMode.java:10)
	at io.cucumber.core.runner.TestStep.executeStep(TestStep.java:84)
	at io.cucumber.core.runner.TestStep.run(TestStep.java:56)
	at io.cucumber.core.runner.TestCase.run(TestCase.java:78)
	at io.cucumber.core.runner.Runner.runPickle(Runner.java:75)
	at io.cucumber.junit.platform.engine.CucumberEngineExecutionContext.lambda$runTestCase$4(CucumberEngineExecutionContext.java:112)
	at io.cucumber.core.runtime.CucumberExecutionContext.lambda$runTestCase$5(CucumberExecutionContext.java:137)
	at io.cucumber.core.runtime.RethrowingThrowableCollector.executeAndThrow(RethrowingThrowableCollector.java:23)
	at io.cucumber.core.runtime.CucumberExecutionContext.runTestCase(CucumberExecutionContext.java:137)
	at io.cucumber.junit.platform.engine.CucumberEngineExecutionContext.runTestCase(CucumberEngineExecutionContext.java:109)
	at io.cucumber.junit.platform.engine.NodeDescriptor$PickleDescriptor.execute(NodeDescriptor.java:168)
	at io.cucumber.junit.platform.engine.NodeDescriptor$PickleDescriptor.execute(NodeDescriptor.java:90)
	at java.base/java.util.ArrayList.forEach(ArrayList.java:1511)
	at java.base/java.util.ArrayList.forEach(ArrayList.java:1511)
Caused by: org.openqa.selenium.SessionNotCreatedException: Could not start a new session. Response code 500. Message: session not created
from unknown error: cannot find Chrome binary 
Host info: host: 'M-DZ', ip: '192.168.1.12'
Build info: version: '4.16.1', revision: '9b4c83354e'
System info: os.name: 'Windows 11', os.arch: 'amd64', os.version: '10.0', java.version: '17.0.12'
Driver info: org.openqa.selenium.chrome.ChromeDriver
Command: [null, newSession {capabilities=[Capabilities {browserName: chrome, goog:chromeOptions: {args: [--start-maximized, --disable-web-security, --disable-features=VizDispl..., --disable-extensions, --disable-plugins, --disable-background-timer-..., --disable-backgrounding-occ..., --disable-renderer-backgrou..., --disable-ipc-flooding-prot..., --disable-hang-monitor, --disable-prompt-on-repost, --disable-domain-reliability, --max_old_space_size=4096, --disable-background-networ..., --no-first-run, --disable-default-apps, --disable-popup-blocking, --disable-translate, --disable-notifications, --disable-logging, --disable-login-animations, --disable-motion-blur, --disable-new-tab-first-run, --no-default-browser-check, --no-pings, --disable-sync, --disable-component-update, --disable-client-side-phish...], extensions: []}}]}]
	at app//org.openqa.selenium.remote.ProtocolHandshake.createSession(ProtocolHandshake.java:140)
	at app//org.openqa.selenium.remote.ProtocolHandshake.createSession(ProtocolHandshake.java:96)
	at app//org.openqa.selenium.remote.ProtocolHandshake.createSession(ProtocolHandshake.java:68)
	at app//org.openqa.selenium.remote.HttpCommandExecutor.execute(HttpCommandExecutor.java:163)
	at app//org.openqa.selenium.remote.service.DriverCommandExecutor.invokeExecute(DriverCommandExecutor.java:200)
	at app//org.openqa.selenium.remote.service.DriverCommandExecutor.execute(DriverCommandExecutor.java:175)
	at app//org.openqa.selenium.remote.RemoteWebDriver.execute(RemoteWebDriver.java:523)
	at app//org.openqa.selenium.remote.RemoteWebDriver.startSession(RemoteWebDriver.java:237)
	at app//org.openqa.selenium.remote.RemoteWebDriver.&lt;init&gt;(RemoteWebDriver.java:164)
	at app//org.openqa.selenium.chromium.ChromiumDriver.&lt;init&gt;(ChromiumDriver.java:114)
	at app//org.openqa.selenium.chrome.ChromeDriver.&lt;init&gt;(ChromeDriver.java:89)
	at app//org.openqa.selenium.chrome.ChromeDriver.&lt;init&gt;(ChromeDriver.java:84)
	at app//org.openqa.selenium.chrome.ChromeDriver.&lt;init&gt;(ChromeDriver.java:73)
	at app//com.kestrel.utils.DriverManager.createChromeDriver(DriverManager.java:126)
	... 24 more
</failure>
  </testcase>
  <testcase name="Incomplete checkout form validation" classname="com.kestrel.runners.WebTestRunner" time="2.947">
    <failure message="java.lang.RuntimeException: Web scenario setup failed" type="java.lang.RuntimeException">java.lang.RuntimeException: Web scenario setup failed
	at com.kestrel.utils.Hooks.beforeWebScenario(Hooks.java:94)
	at com.kestrel.utils.Hooks.beforeE2EScenario(Hooks.java:135)
Caused by: java.lang.RuntimeException: Chrome driver initialization failed
	at com.kestrel.utils.DriverManager.createChromeDriver(DriverManager.java:130)
	at com.kestrel.utils.DriverManager.initializeDriver(DriverManager.java:51)
	at com.kestrel.utils.Hooks.beforeWebScenario(Hooks.java:83)
	at com.kestrel.utils.Hooks.beforeE2EScenario(Hooks.java:135)
	at java.base/java.lang.reflect.Method.invoke(Method.java:568)
	at io.cucumber.java.Invoker.doInvoke(Invoker.java:66)
	at io.cucumber.java.Invoker.invoke(Invoker.java:24)
	at io.cucumber.java.AbstractGlueDefinition.invokeMethod(AbstractGlueDefinition.java:47)
	at io.cucumber.java.JavaHookDefinition.execute(JavaHookDefinition.java:64)
	at io.cucumber.core.runner.CoreHookDefinition.execute(CoreHookDefinition.java:46)
	at io.cucumber.core.runner.HookDefinitionMatch.runStep(HookDefinitionMatch.java:21)
	at io.cucumber.core.runner.ExecutionMode$1.execute(ExecutionMode.java:10)
	at io.cucumber.core.runner.TestStep.executeStep(TestStep.java:84)
	at io.cucumber.core.runner.TestStep.run(TestStep.java:56)
	at io.cucumber.core.runner.TestCase.run(TestCase.java:78)
	at io.cucumber.core.runner.Runner.runPickle(Runner.java:75)
	at io.cucumber.junit.platform.engine.CucumberEngineExecutionContext.lambda$runTestCase$4(CucumberEngineExecutionContext.java:112)
	at io.cucumber.core.runtime.CucumberExecutionContext.lambda$runTestCase$5(CucumberExecutionContext.java:137)
	at io.cucumber.core.runtime.RethrowingThrowableCollector.executeAndThrow(RethrowingThrowableCollector.java:23)
	at io.cucumber.core.runtime.CucumberExecutionContext.runTestCase(CucumberExecutionContext.java:137)
	at io.cucumber.junit.platform.engine.CucumberEngineExecutionContext.runTestCase(CucumberEngineExecutionContext.java:109)
	at io.cucumber.junit.platform.engine.NodeDescriptor$PickleDescriptor.execute(NodeDescriptor.java:168)
	at io.cucumber.junit.platform.engine.NodeDescriptor$PickleDescriptor.execute(NodeDescriptor.java:90)
	at java.base/java.util.ArrayList.forEach(ArrayList.java:1511)
	at java.base/java.util.ArrayList.forEach(ArrayList.java:1511)
Caused by: org.openqa.selenium.SessionNotCreatedException: Could not start a new session. Response code 500. Message: session not created
from unknown error: cannot find Chrome binary 
Host info: host: 'M-DZ', ip: '192.168.1.12'
Build info: version: '4.16.1', revision: '9b4c83354e'
System info: os.name: 'Windows 11', os.arch: 'amd64', os.version: '10.0', java.version: '17.0.12'
Driver info: org.openqa.selenium.chrome.ChromeDriver
Command: [null, newSession {capabilities=[Capabilities {browserName: chrome, goog:chromeOptions: {args: [--start-maximized, --disable-web-security, --disable-features=VizDispl..., --disable-extensions, --disable-plugins, --disable-background-timer-..., --disable-backgrounding-occ..., --disable-renderer-backgrou..., --disable-ipc-flooding-prot..., --disable-hang-monitor, --disable-prompt-on-repost, --disable-domain-reliability, --max_old_space_size=4096, --disable-background-networ..., --no-first-run, --disable-default-apps, --disable-popup-blocking, --disable-translate, --disable-notifications, --disable-logging, --disable-login-animations, --disable-motion-blur, --disable-new-tab-first-run, --no-default-browser-check, --no-pings, --disable-sync, --disable-component-update, --disable-client-side-phish...], extensions: []}}]}]
	at app//org.openqa.selenium.remote.ProtocolHandshake.createSession(ProtocolHandshake.java:140)
	at app//org.openqa.selenium.remote.ProtocolHandshake.createSession(ProtocolHandshake.java:96)
	at app//org.openqa.selenium.remote.ProtocolHandshake.createSession(ProtocolHandshake.java:68)
	at app//org.openqa.selenium.remote.HttpCommandExecutor.execute(HttpCommandExecutor.java:163)
	at app//org.openqa.selenium.remote.service.DriverCommandExecutor.invokeExecute(DriverCommandExecutor.java:200)
	at app//org.openqa.selenium.remote.service.DriverCommandExecutor.execute(DriverCommandExecutor.java:175)
	at app//org.openqa.selenium.remote.RemoteWebDriver.execute(RemoteWebDriver.java:523)
	at app//org.openqa.selenium.remote.RemoteWebDriver.startSession(RemoteWebDriver.java:237)
	at app//org.openqa.selenium.remote.RemoteWebDriver.&lt;init&gt;(RemoteWebDriver.java:164)
	at app//org.openqa.selenium.chromium.ChromiumDriver.&lt;init&gt;(ChromiumDriver.java:114)
	at app//org.openqa.selenium.chrome.ChromeDriver.&lt;init&gt;(ChromeDriver.java:89)
	at app//org.openqa.selenium.chrome.ChromeDriver.&lt;init&gt;(ChromeDriver.java:84)
	at app//org.openqa.selenium.chrome.ChromeDriver.&lt;init&gt;(ChromeDriver.java:73)
	at app//com.kestrel.utils.DriverManager.createChromeDriver(DriverManager.java:126)
	... 24 more
</failure>
  </testcase>
  <testcase name="Checkout with invalid payment details" classname="com.kestrel.runners.WebTestRunner" time="2.963">
    <failure message="java.lang.RuntimeException: Web scenario setup failed" type="java.lang.RuntimeException">java.lang.RuntimeException: Web scenario setup failed
	at com.kestrel.utils.Hooks.beforeWebScenario(Hooks.java:94)
	at com.kestrel.utils.Hooks.beforeE2EScenario(Hooks.java:135)
Caused by: java.lang.RuntimeException: Chrome driver initialization failed
	at com.kestrel.utils.DriverManager.createChromeDriver(DriverManager.java:130)
	at com.kestrel.utils.DriverManager.initializeDriver(DriverManager.java:51)
	at com.kestrel.utils.Hooks.beforeWebScenario(Hooks.java:83)
	at com.kestrel.utils.Hooks.beforeE2EScenario(Hooks.java:135)
	at java.base/java.lang.reflect.Method.invoke(Method.java:568)
	at io.cucumber.java.Invoker.doInvoke(Invoker.java:66)
	at io.cucumber.java.Invoker.invoke(Invoker.java:24)
	at io.cucumber.java.AbstractGlueDefinition.invokeMethod(AbstractGlueDefinition.java:47)
	at io.cucumber.java.JavaHookDefinition.execute(JavaHookDefinition.java:64)
	at io.cucumber.core.runner.CoreHookDefinition.execute(CoreHookDefinition.java:46)
	at io.cucumber.core.runner.HookDefinitionMatch.runStep(HookDefinitionMatch.java:21)
	at io.cucumber.core.runner.ExecutionMode$1.execute(ExecutionMode.java:10)
	at io.cucumber.core.runner.TestStep.executeStep(TestStep.java:84)
	at io.cucumber.core.runner.TestStep.run(TestStep.java:56)
	at io.cucumber.core.runner.TestCase.run(TestCase.java:78)
	at io.cucumber.core.runner.Runner.runPickle(Runner.java:75)
	at io.cucumber.junit.platform.engine.CucumberEngineExecutionContext.lambda$runTestCase$4(CucumberEngineExecutionContext.java:112)
	at io.cucumber.core.runtime.CucumberExecutionContext.lambda$runTestCase$5(CucumberExecutionContext.java:137)
	at io.cucumber.core.runtime.RethrowingThrowableCollector.executeAndThrow(RethrowingThrowableCollector.java:23)
	at io.cucumber.core.runtime.CucumberExecutionContext.runTestCase(CucumberExecutionContext.java:137)
	at io.cucumber.junit.platform.engine.CucumberEngineExecutionContext.runTestCase(CucumberEngineExecutionContext.java:109)
	at io.cucumber.junit.platform.engine.NodeDescriptor$PickleDescriptor.execute(NodeDescriptor.java:168)
	at io.cucumber.junit.platform.engine.NodeDescriptor$PickleDescriptor.execute(NodeDescriptor.java:90)
	at java.base/java.util.ArrayList.forEach(ArrayList.java:1511)
	at java.base/java.util.ArrayList.forEach(ArrayList.java:1511)
Caused by: org.openqa.selenium.SessionNotCreatedException: Could not start a new session. Response code 500. Message: session not created
from unknown error: cannot find Chrome binary 
Host info: host: 'M-DZ', ip: '192.168.1.12'
Build info: version: '4.16.1', revision: '9b4c83354e'
System info: os.name: 'Windows 11', os.arch: 'amd64', os.version: '10.0', java.version: '17.0.12'
Driver info: org.openqa.selenium.chrome.ChromeDriver
Command: [null, newSession {capabilities=[Capabilities {browserName: chrome, goog:chromeOptions: {args: [--start-maximized, --disable-web-security, --disable-features=VizDispl..., --disable-extensions, --disable-plugins, --disable-background-timer-..., --disable-backgrounding-occ..., --disable-renderer-backgrou..., --disable-ipc-flooding-prot..., --disable-hang-monitor, --disable-prompt-on-repost, --disable-domain-reliability, --max_old_space_size=4096, --disable-background-networ..., --no-first-run, --disable-default-apps, --disable-popup-blocking, --disable-translate, --disable-notifications, --disable-logging, --disable-login-animations, --disable-motion-blur, --disable-new-tab-first-run, --no-default-browser-check, --no-pings, --disable-sync, --disable-component-update, --disable-client-side-phish...], extensions: []}}]}]
	at app//org.openqa.selenium.remote.ProtocolHandshake.createSession(ProtocolHandshake.java:140)
	at app//org.openqa.selenium.remote.ProtocolHandshake.createSession(ProtocolHandshake.java:96)
	at app//org.openqa.selenium.remote.ProtocolHandshake.createSession(ProtocolHandshake.java:68)
	at app//org.openqa.selenium.remote.HttpCommandExecutor.execute(HttpCommandExecutor.java:163)
	at app//org.openqa.selenium.remote.service.DriverCommandExecutor.invokeExecute(DriverCommandExecutor.java:200)
	at app//org.openqa.selenium.remote.service.DriverCommandExecutor.execute(DriverCommandExecutor.java:175)
	at app//org.openqa.selenium.remote.RemoteWebDriver.execute(RemoteWebDriver.java:523)
	at app//org.openqa.selenium.remote.RemoteWebDriver.startSession(RemoteWebDriver.java:237)
	at app//org.openqa.selenium.remote.RemoteWebDriver.&lt;init&gt;(RemoteWebDriver.java:164)
	at app//org.openqa.selenium.chromium.ChromiumDriver.&lt;init&gt;(ChromiumDriver.java:114)
	at app//org.openqa.selenium.chrome.ChromeDriver.&lt;init&gt;(ChromeDriver.java:89)
	at app//org.openqa.selenium.chrome.ChromeDriver.&lt;init&gt;(ChromeDriver.java:84)
	at app//org.openqa.selenium.chrome.ChromeDriver.&lt;init&gt;(ChromeDriver.java:73)
	at app//com.kestrel.utils.DriverManager.createChromeDriver(DriverManager.java:126)
	... 24 more
</failure>
  </testcase>
  <testcase name="Product reconnaissance and acquisition" classname="com.kestrel.runners.WebTestRunner" time="1.546">
    <failure message="java.lang.RuntimeException: Web scenario setup failed" type="java.lang.RuntimeException">java.lang.RuntimeException: Web scenario setup failed
	at com.kestrel.utils.Hooks.beforeWebScenario(Hooks.java:94)
Caused by: java.lang.RuntimeException: Chrome driver initialization failed
	at com.kestrel.utils.DriverManager.createChromeDriver(DriverManager.java:130)
	at com.kestrel.utils.DriverManager.initializeDriver(DriverManager.java:51)
	at com.kestrel.utils.Hooks.beforeWebScenario(Hooks.java:83)
	at java.base/java.lang.reflect.Method.invoke(Method.java:568)
	at io.cucumber.java.Invoker.doInvoke(Invoker.java:66)
	at io.cucumber.java.Invoker.invoke(Invoker.java:24)
	at io.cucumber.java.AbstractGlueDefinition.invokeMethod(AbstractGlueDefinition.java:47)
	at io.cucumber.java.JavaHookDefinition.execute(JavaHookDefinition.java:64)
	at io.cucumber.core.runner.CoreHookDefinition.execute(CoreHookDefinition.java:46)
	at io.cucumber.core.runner.HookDefinitionMatch.runStep(HookDefinitionMatch.java:21)
	at io.cucumber.core.runner.ExecutionMode$1.execute(ExecutionMode.java:10)
	at io.cucumber.core.runner.TestStep.executeStep(TestStep.java:84)
	at io.cucumber.core.runner.TestStep.run(TestStep.java:56)
	at io.cucumber.core.runner.TestCase.run(TestCase.java:78)
	at io.cucumber.core.runner.Runner.runPickle(Runner.java:75)
	at io.cucumber.junit.platform.engine.CucumberEngineExecutionContext.lambda$runTestCase$4(CucumberEngineExecutionContext.java:112)
	at io.cucumber.core.runtime.CucumberExecutionContext.lambda$runTestCase$5(CucumberExecutionContext.java:137)
	at io.cucumber.core.runtime.RethrowingThrowableCollector.executeAndThrow(RethrowingThrowableCollector.java:23)
	at io.cucumber.core.runtime.CucumberExecutionContext.runTestCase(CucumberExecutionContext.java:137)
	at io.cucumber.junit.platform.engine.CucumberEngineExecutionContext.runTestCase(CucumberEngineExecutionContext.java:109)
	at io.cucumber.junit.platform.engine.NodeDescriptor$PickleDescriptor.execute(NodeDescriptor.java:168)
	at io.cucumber.junit.platform.engine.NodeDescriptor$PickleDescriptor.execute(NodeDescriptor.java:90)
	at java.base/java.util.ArrayList.forEach(ArrayList.java:1511)
	at java.base/java.util.ArrayList.forEach(ArrayList.java:1511)
Caused by: org.openqa.selenium.SessionNotCreatedException: Could not start a new session. Response code 500. Message: session not created
from unknown error: cannot find Chrome binary 
Host info: host: 'M-DZ', ip: '192.168.1.12'
Build info: version: '4.16.1', revision: '9b4c83354e'
System info: os.name: 'Windows 11', os.arch: 'amd64', os.version: '10.0', java.version: '17.0.12'
Driver info: org.openqa.selenium.chrome.ChromeDriver
Command: [null, newSession {capabilities=[Capabilities {browserName: chrome, goog:chromeOptions: {args: [--start-maximized, --disable-web-security, --disable-features=VizDispl..., --disable-extensions, --disable-plugins, --disable-background-timer-..., --disable-backgrounding-occ..., --disable-renderer-backgrou..., --disable-ipc-flooding-prot..., --disable-hang-monitor, --disable-prompt-on-repost, --disable-domain-reliability, --max_old_space_size=4096, --disable-background-networ..., --no-first-run, --disable-default-apps, --disable-popup-blocking, --disable-translate, --disable-notifications, --disable-logging, --disable-login-animations, --disable-motion-blur, --disable-new-tab-first-run, --no-default-browser-check, --no-pings, --disable-sync, --disable-component-update, --disable-client-side-phish...], extensions: []}}]}]
	at app//org.openqa.selenium.remote.ProtocolHandshake.createSession(ProtocolHandshake.java:140)
	at app//org.openqa.selenium.remote.ProtocolHandshake.createSession(ProtocolHandshake.java:96)
	at app//org.openqa.selenium.remote.ProtocolHandshake.createSession(ProtocolHandshake.java:68)
	at app//org.openqa.selenium.remote.HttpCommandExecutor.execute(HttpCommandExecutor.java:163)
	at app//org.openqa.selenium.remote.service.DriverCommandExecutor.invokeExecute(DriverCommandExecutor.java:200)
	at app//org.openqa.selenium.remote.service.DriverCommandExecutor.execute(DriverCommandExecutor.java:175)
	at app//org.openqa.selenium.remote.RemoteWebDriver.execute(RemoteWebDriver.java:523)
	at app//org.openqa.selenium.remote.RemoteWebDriver.startSession(RemoteWebDriver.java:237)
	at app//org.openqa.selenium.remote.RemoteWebDriver.&lt;init&gt;(RemoteWebDriver.java:164)
	at app//org.openqa.selenium.chromium.ChromiumDriver.&lt;init&gt;(ChromiumDriver.java:114)
	at app//org.openqa.selenium.chrome.ChromeDriver.&lt;init&gt;(ChromeDriver.java:89)
	at app//org.openqa.selenium.chrome.ChromeDriver.&lt;init&gt;(ChromeDriver.java:84)
	at app//org.openqa.selenium.chrome.ChromeDriver.&lt;init&gt;(ChromeDriver.java:73)
	at app//com.kestrel.utils.DriverManager.createChromeDriver(DriverManager.java:126)
	... 23 more
</failure>
  </testcase>
  <testcase name="Multi-product cart assembly" classname="com.kestrel.runners.WebTestRunner" time="1.534">
    <failure message="java.lang.RuntimeException: Web scenario setup failed" type="java.lang.RuntimeException">java.lang.RuntimeException: Web scenario setup failed
	at com.kestrel.utils.Hooks.beforeWebScenario(Hooks.java:94)
Caused by: java.lang.RuntimeException: Chrome driver initialization failed
	at com.kestrel.utils.DriverManager.createChromeDriver(DriverManager.java:130)
	at com.kestrel.utils.DriverManager.initializeDriver(DriverManager.java:51)
	at com.kestrel.utils.Hooks.beforeWebScenario(Hooks.java:83)
	at java.base/java.lang.reflect.Method.invoke(Method.java:568)
	at io.cucumber.java.Invoker.doInvoke(Invoker.java:66)
	at io.cucumber.java.Invoker.invoke(Invoker.java:24)
	at io.cucumber.java.AbstractGlueDefinition.invokeMethod(AbstractGlueDefinition.java:47)
	at io.cucumber.java.JavaHookDefinition.execute(JavaHookDefinition.java:64)
	at io.cucumber.core.runner.CoreHookDefinition.execute(CoreHookDefinition.java:46)
	at io.cucumber.core.runner.HookDefinitionMatch.runStep(HookDefinitionMatch.java:21)
	at io.cucumber.core.runner.ExecutionMode$1.execute(ExecutionMode.java:10)
	at io.cucumber.core.runner.TestStep.executeStep(TestStep.java:84)
	at io.cucumber.core.runner.TestStep.run(TestStep.java:56)
	at io.cucumber.core.runner.TestCase.run(TestCase.java:78)
	at io.cucumber.core.runner.Runner.runPickle(Runner.java:75)
	at io.cucumber.junit.platform.engine.CucumberEngineExecutionContext.lambda$runTestCase$4(CucumberEngineExecutionContext.java:112)
	at io.cucumber.core.runtime.CucumberExecutionContext.lambda$runTestCase$5(CucumberExecutionContext.java:137)
	at io.cucumber.core.runtime.RethrowingThrowableCollector.executeAndThrow(RethrowingThrowableCollector.java:23)
	at io.cucumber.core.runtime.CucumberExecutionContext.runTestCase(CucumberExecutionContext.java:137)
	at io.cucumber.junit.platform.engine.CucumberEngineExecutionContext.runTestCase(CucumberEngineExecutionContext.java:109)
	at io.cucumber.junit.platform.engine.NodeDescriptor$PickleDescriptor.execute(NodeDescriptor.java:168)
	at io.cucumber.junit.platform.engine.NodeDescriptor$PickleDescriptor.execute(NodeDescriptor.java:90)
	at java.base/java.util.ArrayList.forEach(ArrayList.java:1511)
	at java.base/java.util.ArrayList.forEach(ArrayList.java:1511)
Caused by: org.openqa.selenium.SessionNotCreatedException: Could not start a new session. Response code 500. Message: session not created
from unknown error: cannot find Chrome binary 
Host info: host: 'M-DZ', ip: '192.168.1.12'
Build info: version: '4.16.1', revision: '9b4c83354e'
System info: os.name: 'Windows 11', os.arch: 'amd64', os.version: '10.0', java.version: '17.0.12'
Driver info: org.openqa.selenium.chrome.ChromeDriver
Command: [null, newSession {capabilities=[Capabilities {browserName: chrome, goog:chromeOptions: {args: [--start-maximized, --disable-web-security, --disable-features=VizDispl..., --disable-extensions, --disable-plugins, --disable-background-timer-..., --disable-backgrounding-occ..., --disable-renderer-backgrou..., --disable-ipc-flooding-prot..., --disable-hang-monitor, --disable-prompt-on-repost, --disable-domain-reliability, --max_old_space_size=4096, --disable-background-networ..., --no-first-run, --disable-default-apps, --disable-popup-blocking, --disable-translate, --disable-notifications, --disable-logging, --disable-login-animations, --disable-motion-blur, --disable-new-tab-first-run, --no-default-browser-check, --no-pings, --disable-sync, --disable-component-update, --disable-client-side-phish...], extensions: []}}]}]
	at app//org.openqa.selenium.remote.ProtocolHandshake.createSession(ProtocolHandshake.java:140)
	at app//org.openqa.selenium.remote.ProtocolHandshake.createSession(ProtocolHandshake.java:96)
	at app//org.openqa.selenium.remote.ProtocolHandshake.createSession(ProtocolHandshake.java:68)
	at app//org.openqa.selenium.remote.HttpCommandExecutor.execute(HttpCommandExecutor.java:163)
	at app//org.openqa.selenium.remote.service.DriverCommandExecutor.invokeExecute(DriverCommandExecutor.java:200)
	at app//org.openqa.selenium.remote.service.DriverCommandExecutor.execute(DriverCommandExecutor.java:175)
	at app//org.openqa.selenium.remote.RemoteWebDriver.execute(RemoteWebDriver.java:523)
	at app//org.openqa.selenium.remote.RemoteWebDriver.startSession(RemoteWebDriver.java:237)
	at app//org.openqa.selenium.remote.RemoteWebDriver.&lt;init&gt;(RemoteWebDriver.java:164)
	at app//org.openqa.selenium.chromium.ChromiumDriver.&lt;init&gt;(ChromiumDriver.java:114)
	at app//org.openqa.selenium.chrome.ChromeDriver.&lt;init&gt;(ChromeDriver.java:89)
	at app//org.openqa.selenium.chrome.ChromeDriver.&lt;init&gt;(ChromeDriver.java:84)
	at app//org.openqa.selenium.chrome.ChromeDriver.&lt;init&gt;(ChromeDriver.java:73)
	at app//com.kestrel.utils.DriverManager.createChromeDriver(DriverManager.java:126)
	... 23 more
</failure>
  </testcase>
  <testcase name="Cart modification operations" classname="com.kestrel.runners.WebTestRunner" time="1.488">
    <failure message="java.lang.RuntimeException: Web scenario setup failed" type="java.lang.RuntimeException">java.lang.RuntimeException: Web scenario setup failed
	at com.kestrel.utils.Hooks.beforeWebScenario(Hooks.java:94)
Caused by: java.lang.RuntimeException: Chrome driver initialization failed
	at com.kestrel.utils.DriverManager.createChromeDriver(DriverManager.java:130)
	at com.kestrel.utils.DriverManager.initializeDriver(DriverManager.java:51)
	at com.kestrel.utils.Hooks.beforeWebScenario(Hooks.java:83)
	at java.base/java.lang.reflect.Method.invoke(Method.java:568)
	at io.cucumber.java.Invoker.doInvoke(Invoker.java:66)
	at io.cucumber.java.Invoker.invoke(Invoker.java:24)
	at io.cucumber.java.AbstractGlueDefinition.invokeMethod(AbstractGlueDefinition.java:47)
	at io.cucumber.java.JavaHookDefinition.execute(JavaHookDefinition.java:64)
	at io.cucumber.core.runner.CoreHookDefinition.execute(CoreHookDefinition.java:46)
	at io.cucumber.core.runner.HookDefinitionMatch.runStep(HookDefinitionMatch.java:21)
	at io.cucumber.core.runner.ExecutionMode$1.execute(ExecutionMode.java:10)
	at io.cucumber.core.runner.TestStep.executeStep(TestStep.java:84)
	at io.cucumber.core.runner.TestStep.run(TestStep.java:56)
	at io.cucumber.core.runner.TestCase.run(TestCase.java:78)
	at io.cucumber.core.runner.Runner.runPickle(Runner.java:75)
	at io.cucumber.junit.platform.engine.CucumberEngineExecutionContext.lambda$runTestCase$4(CucumberEngineExecutionContext.java:112)
	at io.cucumber.core.runtime.CucumberExecutionContext.lambda$runTestCase$5(CucumberExecutionContext.java:137)
	at io.cucumber.core.runtime.RethrowingThrowableCollector.executeAndThrow(RethrowingThrowableCollector.java:23)
	at io.cucumber.core.runtime.CucumberExecutionContext.runTestCase(CucumberExecutionContext.java:137)
	at io.cucumber.junit.platform.engine.CucumberEngineExecutionContext.runTestCase(CucumberEngineExecutionContext.java:109)
	at io.cucumber.junit.platform.engine.NodeDescriptor$PickleDescriptor.execute(NodeDescriptor.java:168)
	at io.cucumber.junit.platform.engine.NodeDescriptor$PickleDescriptor.execute(NodeDescriptor.java:90)
	at java.base/java.util.ArrayList.forEach(ArrayList.java:1511)
	at java.base/java.util.ArrayList.forEach(ArrayList.java:1511)
Caused by: org.openqa.selenium.SessionNotCreatedException: Could not start a new session. Response code 500. Message: session not created
from unknown error: cannot find Chrome binary 
Host info: host: 'M-DZ', ip: '192.168.1.12'
Build info: version: '4.16.1', revision: '9b4c83354e'
System info: os.name: 'Windows 11', os.arch: 'amd64', os.version: '10.0', java.version: '17.0.12'
Driver info: org.openqa.selenium.chrome.ChromeDriver
Command: [null, newSession {capabilities=[Capabilities {browserName: chrome, goog:chromeOptions: {args: [--start-maximized, --disable-web-security, --disable-features=VizDispl..., --disable-extensions, --disable-plugins, --disable-background-timer-..., --disable-backgrounding-occ..., --disable-renderer-backgrou..., --disable-ipc-flooding-prot..., --disable-hang-monitor, --disable-prompt-on-repost, --disable-domain-reliability, --max_old_space_size=4096, --disable-background-networ..., --no-first-run, --disable-default-apps, --disable-popup-blocking, --disable-translate, --disable-notifications, --disable-logging, --disable-login-animations, --disable-motion-blur, --disable-new-tab-first-run, --no-default-browser-check, --no-pings, --disable-sync, --disable-component-update, --disable-client-side-phish...], extensions: []}}]}]
	at app//org.openqa.selenium.remote.ProtocolHandshake.createSession(ProtocolHandshake.java:140)
	at app//org.openqa.selenium.remote.ProtocolHandshake.createSession(ProtocolHandshake.java:96)
	at app//org.openqa.selenium.remote.ProtocolHandshake.createSession(ProtocolHandshake.java:68)
	at app//org.openqa.selenium.remote.HttpCommandExecutor.execute(HttpCommandExecutor.java:163)
	at app//org.openqa.selenium.remote.service.DriverCommandExecutor.invokeExecute(DriverCommandExecutor.java:200)
	at app//org.openqa.selenium.remote.service.DriverCommandExecutor.execute(DriverCommandExecutor.java:175)
	at app//org.openqa.selenium.remote.RemoteWebDriver.execute(RemoteWebDriver.java:523)
	at app//org.openqa.selenium.remote.RemoteWebDriver.startSession(RemoteWebDriver.java:237)
	at app//org.openqa.selenium.remote.RemoteWebDriver.&lt;init&gt;(RemoteWebDriver.java:164)
	at app//org.openqa.selenium.chromium.ChromiumDriver.&lt;init&gt;(ChromiumDriver.java:114)
	at app//org.openqa.selenium.chrome.ChromeDriver.&lt;init&gt;(ChromeDriver.java:89)
	at app//org.openqa.selenium.chrome.ChromeDriver.&lt;init&gt;(ChromeDriver.java:84)
	at app//org.openqa.selenium.chrome.ChromeDriver.&lt;init&gt;(ChromeDriver.java:73)
	at app//com.kestrel.utils.DriverManager.createChromeDriver(DriverManager.java:126)
	... 23 more
</failure>
  </testcase>
  <testcase name="Product details verification" classname="com.kestrel.runners.WebTestRunner" time="1.422">
    <failure message="java.lang.RuntimeException: Web scenario setup failed" type="java.lang.RuntimeException">java.lang.RuntimeException: Web scenario setup failed
	at com.kestrel.utils.Hooks.beforeWebScenario(Hooks.java:94)
Caused by: java.lang.RuntimeException: Chrome driver initialization failed
	at com.kestrel.utils.DriverManager.createChromeDriver(DriverManager.java:130)
	at com.kestrel.utils.DriverManager.initializeDriver(DriverManager.java:51)
	at com.kestrel.utils.Hooks.beforeWebScenario(Hooks.java:83)
	at java.base/java.lang.reflect.Method.invoke(Method.java:568)
	at io.cucumber.java.Invoker.doInvoke(Invoker.java:66)
	at io.cucumber.java.Invoker.invoke(Invoker.java:24)
	at io.cucumber.java.AbstractGlueDefinition.invokeMethod(AbstractGlueDefinition.java:47)
	at io.cucumber.java.JavaHookDefinition.execute(JavaHookDefinition.java:64)
	at io.cucumber.core.runner.CoreHookDefinition.execute(CoreHookDefinition.java:46)
	at io.cucumber.core.runner.HookDefinitionMatch.runStep(HookDefinitionMatch.java:21)
	at io.cucumber.core.runner.ExecutionMode$1.execute(ExecutionMode.java:10)
	at io.cucumber.core.runner.TestStep.executeStep(TestStep.java:84)
	at io.cucumber.core.runner.TestStep.run(TestStep.java:56)
	at io.cucumber.core.runner.TestCase.run(TestCase.java:78)
	at io.cucumber.core.runner.Runner.runPickle(Runner.java:75)
	at io.cucumber.junit.platform.engine.CucumberEngineExecutionContext.lambda$runTestCase$4(CucumberEngineExecutionContext.java:112)
	at io.cucumber.core.runtime.CucumberExecutionContext.lambda$runTestCase$5(CucumberExecutionContext.java:137)
	at io.cucumber.core.runtime.RethrowingThrowableCollector.executeAndThrow(RethrowingThrowableCollector.java:23)
	at io.cucumber.core.runtime.CucumberExecutionContext.runTestCase(CucumberExecutionContext.java:137)
	at io.cucumber.junit.platform.engine.CucumberEngineExecutionContext.runTestCase(CucumberEngineExecutionContext.java:109)
	at io.cucumber.junit.platform.engine.NodeDescriptor$PickleDescriptor.execute(NodeDescriptor.java:168)
	at io.cucumber.junit.platform.engine.NodeDescriptor$PickleDescriptor.execute(NodeDescriptor.java:90)
	at java.base/java.util.ArrayList.forEach(ArrayList.java:1511)
	at java.base/java.util.ArrayList.forEach(ArrayList.java:1511)
Caused by: org.openqa.selenium.SessionNotCreatedException: Could not start a new session. Response code 500. Message: session not created
from unknown error: cannot find Chrome binary 
Host info: host: 'M-DZ', ip: '192.168.1.12'
Build info: version: '4.16.1', revision: '9b4c83354e'
System info: os.name: 'Windows 11', os.arch: 'amd64', os.version: '10.0', java.version: '17.0.12'
Driver info: org.openqa.selenium.chrome.ChromeDriver
Command: [null, newSession {capabilities=[Capabilities {browserName: chrome, goog:chromeOptions: {args: [--start-maximized, --disable-web-security, --disable-features=VizDispl..., --disable-extensions, --disable-plugins, --disable-background-timer-..., --disable-backgrounding-occ..., --disable-renderer-backgrou..., --disable-ipc-flooding-prot..., --disable-hang-monitor, --disable-prompt-on-repost, --disable-domain-reliability, --max_old_space_size=4096, --disable-background-networ..., --no-first-run, --disable-default-apps, --disable-popup-blocking, --disable-translate, --disable-notifications, --disable-logging, --disable-login-animations, --disable-motion-blur, --disable-new-tab-first-run, --no-default-browser-check, --no-pings, --disable-sync, --disable-component-update, --disable-client-side-phish...], extensions: []}}]}]
	at app//org.openqa.selenium.remote.ProtocolHandshake.createSession(ProtocolHandshake.java:140)
	at app//org.openqa.selenium.remote.ProtocolHandshake.createSession(ProtocolHandshake.java:96)
	at app//org.openqa.selenium.remote.ProtocolHandshake.createSession(ProtocolHandshake.java:68)
	at app//org.openqa.selenium.remote.HttpCommandExecutor.execute(HttpCommandExecutor.java:163)
	at app//org.openqa.selenium.remote.service.DriverCommandExecutor.invokeExecute(DriverCommandExecutor.java:200)
	at app//org.openqa.selenium.remote.service.DriverCommandExecutor.execute(DriverCommandExecutor.java:175)
	at app//org.openqa.selenium.remote.RemoteWebDriver.execute(RemoteWebDriver.java:523)
	at app//org.openqa.selenium.remote.RemoteWebDriver.startSession(RemoteWebDriver.java:237)
	at app//org.openqa.selenium.remote.RemoteWebDriver.&lt;init&gt;(RemoteWebDriver.java:164)
	at app//org.openqa.selenium.chromium.ChromiumDriver.&lt;init&gt;(ChromiumDriver.java:114)
	at app//org.openqa.selenium.chrome.ChromeDriver.&lt;init&gt;(ChromeDriver.java:89)
	at app//org.openqa.selenium.chrome.ChromeDriver.&lt;init&gt;(ChromeDriver.java:84)
	at app//org.openqa.selenium.chrome.ChromeDriver.&lt;init&gt;(ChromeDriver.java:73)
	at app//com.kestrel.utils.DriverManager.createChromeDriver(DriverManager.java:126)
	... 23 more
</failure>
  </testcase>
  <testcase name="Cart operations without authentication" classname="com.kestrel.runners.WebTestRunner" time="1.656">
    <failure message="java.lang.RuntimeException: Web scenario setup failed" type="java.lang.RuntimeException">java.lang.RuntimeException: Web scenario setup failed
	at com.kestrel.utils.Hooks.beforeWebScenario(Hooks.java:94)
Caused by: java.lang.RuntimeException: Chrome driver initialization failed
	at com.kestrel.utils.DriverManager.createChromeDriver(DriverManager.java:130)
	at com.kestrel.utils.DriverManager.initializeDriver(DriverManager.java:51)
	at com.kestrel.utils.Hooks.beforeWebScenario(Hooks.java:83)
	at java.base/java.lang.reflect.Method.invoke(Method.java:568)
	at io.cucumber.java.Invoker.doInvoke(Invoker.java:66)
	at io.cucumber.java.Invoker.invoke(Invoker.java:24)
	at io.cucumber.java.AbstractGlueDefinition.invokeMethod(AbstractGlueDefinition.java:47)
	at io.cucumber.java.JavaHookDefinition.execute(JavaHookDefinition.java:64)
	at io.cucumber.core.runner.CoreHookDefinition.execute(CoreHookDefinition.java:46)
	at io.cucumber.core.runner.HookDefinitionMatch.runStep(HookDefinitionMatch.java:21)
	at io.cucumber.core.runner.ExecutionMode$1.execute(ExecutionMode.java:10)
	at io.cucumber.core.runner.TestStep.executeStep(TestStep.java:84)
	at io.cucumber.core.runner.TestStep.run(TestStep.java:56)
	at io.cucumber.core.runner.TestCase.run(TestCase.java:78)
	at io.cucumber.core.runner.Runner.runPickle(Runner.java:75)
	at io.cucumber.junit.platform.engine.CucumberEngineExecutionContext.lambda$runTestCase$4(CucumberEngineExecutionContext.java:112)
	at io.cucumber.core.runtime.CucumberExecutionContext.lambda$runTestCase$5(CucumberExecutionContext.java:137)
	at io.cucumber.core.runtime.RethrowingThrowableCollector.executeAndThrow(RethrowingThrowableCollector.java:23)
	at io.cucumber.core.runtime.CucumberExecutionContext.runTestCase(CucumberExecutionContext.java:137)
	at io.cucumber.junit.platform.engine.CucumberEngineExecutionContext.runTestCase(CucumberEngineExecutionContext.java:109)
	at io.cucumber.junit.platform.engine.NodeDescriptor$PickleDescriptor.execute(NodeDescriptor.java:168)
	at io.cucumber.junit.platform.engine.NodeDescriptor$PickleDescriptor.execute(NodeDescriptor.java:90)
	at java.base/java.util.ArrayList.forEach(ArrayList.java:1511)
	at java.base/java.util.ArrayList.forEach(ArrayList.java:1511)
Caused by: org.openqa.selenium.SessionNotCreatedException: Could not start a new session. Response code 500. Message: session not created
from unknown error: cannot find Chrome binary 
Host info: host: 'M-DZ', ip: '192.168.1.12'
Build info: version: '4.16.1', revision: '9b4c83354e'
System info: os.name: 'Windows 11', os.arch: 'amd64', os.version: '10.0', java.version: '17.0.12'
Driver info: org.openqa.selenium.chrome.ChromeDriver
Command: [null, newSession {capabilities=[Capabilities {browserName: chrome, goog:chromeOptions: {args: [--start-maximized, --disable-web-security, --disable-features=VizDispl..., --disable-extensions, --disable-plugins, --disable-background-timer-..., --disable-backgrounding-occ..., --disable-renderer-backgrou..., --disable-ipc-flooding-prot..., --disable-hang-monitor, --disable-prompt-on-repost, --disable-domain-reliability, --max_old_space_size=4096, --disable-background-networ..., --no-first-run, --disable-default-apps, --disable-popup-blocking, --disable-translate, --disable-notifications, --disable-logging, --disable-login-animations, --disable-motion-blur, --disable-new-tab-first-run, --no-default-browser-check, --no-pings, --disable-sync, --disable-component-update, --disable-client-side-phish...], extensions: []}}]}]
	at app//org.openqa.selenium.remote.ProtocolHandshake.createSession(ProtocolHandshake.java:140)
	at app//org.openqa.selenium.remote.ProtocolHandshake.createSession(ProtocolHandshake.java:96)
	at app//org.openqa.selenium.remote.ProtocolHandshake.createSession(ProtocolHandshake.java:68)
	at app//org.openqa.selenium.remote.HttpCommandExecutor.execute(HttpCommandExecutor.java:163)
	at app//org.openqa.selenium.remote.service.DriverCommandExecutor.invokeExecute(DriverCommandExecutor.java:200)
	at app//org.openqa.selenium.remote.service.DriverCommandExecutor.execute(DriverCommandExecutor.java:175)
	at app//org.openqa.selenium.remote.RemoteWebDriver.execute(RemoteWebDriver.java:523)
	at app//org.openqa.selenium.remote.RemoteWebDriver.startSession(RemoteWebDriver.java:237)
	at app//org.openqa.selenium.remote.RemoteWebDriver.&lt;init&gt;(RemoteWebDriver.java:164)
	at app//org.openqa.selenium.chromium.ChromiumDriver.&lt;init&gt;(ChromiumDriver.java:114)
	at app//org.openqa.selenium.chrome.ChromeDriver.&lt;init&gt;(ChromeDriver.java:89)
	at app//org.openqa.selenium.chrome.ChromeDriver.&lt;init&gt;(ChromeDriver.java:84)
	at app//org.openqa.selenium.chrome.ChromeDriver.&lt;init&gt;(ChromeDriver.java:73)
	at app//com.kestrel.utils.DriverManager.createChromeDriver(DriverManager.java:126)
	... 23 more
</failure>
  </testcase>
  <testcase name="Empty cart checkout attempt" classname="com.kestrel.runners.WebTestRunner" time="1.555">
    <failure message="java.lang.RuntimeException: Web scenario setup failed" type="java.lang.RuntimeException">java.lang.RuntimeException: Web scenario setup failed
	at com.kestrel.utils.Hooks.beforeWebScenario(Hooks.java:94)
Caused by: java.lang.RuntimeException: Chrome driver initialization failed
	at com.kestrel.utils.DriverManager.createChromeDriver(DriverManager.java:130)
	at com.kestrel.utils.DriverManager.initializeDriver(DriverManager.java:51)
	at com.kestrel.utils.Hooks.beforeWebScenario(Hooks.java:83)
	at java.base/java.lang.reflect.Method.invoke(Method.java:568)
	at io.cucumber.java.Invoker.doInvoke(Invoker.java:66)
	at io.cucumber.java.Invoker.invoke(Invoker.java:24)
	at io.cucumber.java.AbstractGlueDefinition.invokeMethod(AbstractGlueDefinition.java:47)
	at io.cucumber.java.JavaHookDefinition.execute(JavaHookDefinition.java:64)
	at io.cucumber.core.runner.CoreHookDefinition.execute(CoreHookDefinition.java:46)
	at io.cucumber.core.runner.HookDefinitionMatch.runStep(HookDefinitionMatch.java:21)
	at io.cucumber.core.runner.ExecutionMode$1.execute(ExecutionMode.java:10)
	at io.cucumber.core.runner.TestStep.executeStep(TestStep.java:84)
	at io.cucumber.core.runner.TestStep.run(TestStep.java:56)
	at io.cucumber.core.runner.TestCase.run(TestCase.java:78)
	at io.cucumber.core.runner.Runner.runPickle(Runner.java:75)
	at io.cucumber.junit.platform.engine.CucumberEngineExecutionContext.lambda$runTestCase$4(CucumberEngineExecutionContext.java:112)
	at io.cucumber.core.runtime.CucumberExecutionContext.lambda$runTestCase$5(CucumberExecutionContext.java:137)
	at io.cucumber.core.runtime.RethrowingThrowableCollector.executeAndThrow(RethrowingThrowableCollector.java:23)
	at io.cucumber.core.runtime.CucumberExecutionContext.runTestCase(CucumberExecutionContext.java:137)
	at io.cucumber.junit.platform.engine.CucumberEngineExecutionContext.runTestCase(CucumberEngineExecutionContext.java:109)
	at io.cucumber.junit.platform.engine.NodeDescriptor$PickleDescriptor.execute(NodeDescriptor.java:168)
	at io.cucumber.junit.platform.engine.NodeDescriptor$PickleDescriptor.execute(NodeDescriptor.java:90)
	at java.base/java.util.ArrayList.forEach(ArrayList.java:1511)
	at java.base/java.util.ArrayList.forEach(ArrayList.java:1511)
Caused by: org.openqa.selenium.SessionNotCreatedException: Could not start a new session. Response code 500. Message: session not created
from unknown error: cannot find Chrome binary 
Host info: host: 'M-DZ', ip: '192.168.1.12'
Build info: version: '4.16.1', revision: '9b4c83354e'
System info: os.name: 'Windows 11', os.arch: 'amd64', os.version: '10.0', java.version: '17.0.12'
Driver info: org.openqa.selenium.chrome.ChromeDriver
Command: [null, newSession {capabilities=[Capabilities {browserName: chrome, goog:chromeOptions: {args: [--start-maximized, --disable-web-security, --disable-features=VizDispl..., --disable-extensions, --disable-plugins, --disable-background-timer-..., --disable-backgrounding-occ..., --disable-renderer-backgrou..., --disable-ipc-flooding-prot..., --disable-hang-monitor, --disable-prompt-on-repost, --disable-domain-reliability, --max_old_space_size=4096, --disable-background-networ..., --no-first-run, --disable-default-apps, --disable-popup-blocking, --disable-translate, --disable-notifications, --disable-logging, --disable-login-animations, --disable-motion-blur, --disable-new-tab-first-run, --no-default-browser-check, --no-pings, --disable-sync, --disable-component-update, --disable-client-side-phish...], extensions: []}}]}]
	at app//org.openqa.selenium.remote.ProtocolHandshake.createSession(ProtocolHandshake.java:140)
	at app//org.openqa.selenium.remote.ProtocolHandshake.createSession(ProtocolHandshake.java:96)
	at app//org.openqa.selenium.remote.ProtocolHandshake.createSession(ProtocolHandshake.java:68)
	at app//org.openqa.selenium.remote.HttpCommandExecutor.execute(HttpCommandExecutor.java:163)
	at app//org.openqa.selenium.remote.service.DriverCommandExecutor.invokeExecute(DriverCommandExecutor.java:200)
	at app//org.openqa.selenium.remote.service.DriverCommandExecutor.execute(DriverCommandExecutor.java:175)
	at app//org.openqa.selenium.remote.RemoteWebDriver.execute(RemoteWebDriver.java:523)
	at app//org.openqa.selenium.remote.RemoteWebDriver.startSession(RemoteWebDriver.java:237)
	at app//org.openqa.selenium.remote.RemoteWebDriver.&lt;init&gt;(RemoteWebDriver.java:164)
	at app//org.openqa.selenium.chromium.ChromiumDriver.&lt;init&gt;(ChromiumDriver.java:114)
	at app//org.openqa.selenium.chrome.ChromeDriver.&lt;init&gt;(ChromeDriver.java:89)
	at app//org.openqa.selenium.chrome.ChromeDriver.&lt;init&gt;(ChromeDriver.java:84)
	at app//org.openqa.selenium.chrome.ChromeDriver.&lt;init&gt;(ChromeDriver.java:73)
	at app//com.kestrel.utils.DriverManager.createChromeDriver(DriverManager.java:126)
	... 23 more
</failure>
  </testcase>
  <testcase name="Product reconnaissance and acquisition" classname="com.kestrel.runners.WebTestRunner" time="1.487">
    <failure message="java.lang.RuntimeException: Web scenario setup failed" type="java.lang.RuntimeException">java.lang.RuntimeException: Web scenario setup failed
	at com.kestrel.utils.Hooks.beforeWebScenario(Hooks.java:94)
Caused by: java.lang.RuntimeException: Chrome driver initialization failed
	at com.kestrel.utils.DriverManager.createChromeDriver(DriverManager.java:130)
	at com.kestrel.utils.DriverManager.initializeDriver(DriverManager.java:51)
	at com.kestrel.utils.Hooks.beforeWebScenario(Hooks.java:83)
	at java.base/java.lang.reflect.Method.invoke(Method.java:568)
	at io.cucumber.java.Invoker.doInvoke(Invoker.java:66)
	at io.cucumber.java.Invoker.invoke(Invoker.java:24)
	at io.cucumber.java.AbstractGlueDefinition.invokeMethod(AbstractGlueDefinition.java:47)
	at io.cucumber.java.JavaHookDefinition.execute(JavaHookDefinition.java:64)
	at io.cucumber.core.runner.CoreHookDefinition.execute(CoreHookDefinition.java:46)
	at io.cucumber.core.runner.HookDefinitionMatch.runStep(HookDefinitionMatch.java:21)
	at io.cucumber.core.runner.ExecutionMode$1.execute(ExecutionMode.java:10)
	at io.cucumber.core.runner.TestStep.executeStep(TestStep.java:84)
	at io.cucumber.core.runner.TestStep.run(TestStep.java:56)
	at io.cucumber.core.runner.TestCase.run(TestCase.java:78)
	at io.cucumber.core.runner.Runner.runPickle(Runner.java:75)
	at io.cucumber.junit.platform.engine.CucumberEngineExecutionContext.lambda$runTestCase$4(CucumberEngineExecutionContext.java:112)
	at io.cucumber.core.runtime.CucumberExecutionContext.lambda$runTestCase$5(CucumberExecutionContext.java:137)
	at io.cucumber.core.runtime.RethrowingThrowableCollector.executeAndThrow(RethrowingThrowableCollector.java:23)
	at io.cucumber.core.runtime.CucumberExecutionContext.runTestCase(CucumberExecutionContext.java:137)
	at io.cucumber.junit.platform.engine.CucumberEngineExecutionContext.runTestCase(CucumberEngineExecutionContext.java:109)
	at io.cucumber.junit.platform.engine.NodeDescriptor$PickleDescriptor.execute(NodeDescriptor.java:168)
	at io.cucumber.junit.platform.engine.NodeDescriptor$PickleDescriptor.execute(NodeDescriptor.java:90)
	at java.base/java.util.ArrayList.forEach(ArrayList.java:1511)
	at java.base/java.util.ArrayList.forEach(ArrayList.java:1511)
Caused by: org.openqa.selenium.SessionNotCreatedException: Could not start a new session. Response code 500. Message: session not created
from unknown error: cannot find Chrome binary 
Host info: host: 'M-DZ', ip: '192.168.1.12'
Build info: version: '4.16.1', revision: '9b4c83354e'
System info: os.name: 'Windows 11', os.arch: 'amd64', os.version: '10.0', java.version: '17.0.12'
Driver info: org.openqa.selenium.chrome.ChromeDriver
Command: [null, newSession {capabilities=[Capabilities {browserName: chrome, goog:chromeOptions: {args: [--start-maximized, --disable-web-security, --disable-features=VizDispl..., --disable-extensions, --disable-plugins, --disable-background-timer-..., --disable-backgrounding-occ..., --disable-renderer-backgrou..., --disable-ipc-flooding-prot..., --disable-hang-monitor, --disable-prompt-on-repost, --disable-domain-reliability, --max_old_space_size=4096, --disable-background-networ..., --no-first-run, --disable-default-apps, --disable-popup-blocking, --disable-translate, --disable-notifications, --disable-logging, --disable-login-animations, --disable-motion-blur, --disable-new-tab-first-run, --no-default-browser-check, --no-pings, --disable-sync, --disable-component-update, --disable-client-side-phish...], extensions: []}}]}]
	at app//org.openqa.selenium.remote.ProtocolHandshake.createSession(ProtocolHandshake.java:140)
	at app//org.openqa.selenium.remote.ProtocolHandshake.createSession(ProtocolHandshake.java:96)
	at app//org.openqa.selenium.remote.ProtocolHandshake.createSession(ProtocolHandshake.java:68)
	at app//org.openqa.selenium.remote.HttpCommandExecutor.execute(HttpCommandExecutor.java:163)
	at app//org.openqa.selenium.remote.service.DriverCommandExecutor.invokeExecute(DriverCommandExecutor.java:200)
	at app//org.openqa.selenium.remote.service.DriverCommandExecutor.execute(DriverCommandExecutor.java:175)
	at app//org.openqa.selenium.remote.RemoteWebDriver.execute(RemoteWebDriver.java:523)
	at app//org.openqa.selenium.remote.RemoteWebDriver.startSession(RemoteWebDriver.java:237)
	at app//org.openqa.selenium.remote.RemoteWebDriver.&lt;init&gt;(RemoteWebDriver.java:164)
	at app//org.openqa.selenium.chromium.ChromiumDriver.&lt;init&gt;(ChromiumDriver.java:114)
	at app//org.openqa.selenium.chrome.ChromeDriver.&lt;init&gt;(ChromeDriver.java:89)
	at app//org.openqa.selenium.chrome.ChromeDriver.&lt;init&gt;(ChromeDriver.java:84)
	at app//org.openqa.selenium.chrome.ChromeDriver.&lt;init&gt;(ChromeDriver.java:73)
	at app//com.kestrel.utils.DriverManager.createChromeDriver(DriverManager.java:126)
	... 23 more
</failure>
  </testcase>
  <testcase name="Multi-product cart assembly" classname="com.kestrel.runners.WebTestRunner" time="1.478">
    <failure message="java.lang.RuntimeException: Web scenario setup failed" type="java.lang.RuntimeException">java.lang.RuntimeException: Web scenario setup failed
	at com.kestrel.utils.Hooks.beforeWebScenario(Hooks.java:94)
Caused by: java.lang.RuntimeException: Chrome driver initialization failed
	at com.kestrel.utils.DriverManager.createChromeDriver(DriverManager.java:130)
	at com.kestrel.utils.DriverManager.initializeDriver(DriverManager.java:51)
	at com.kestrel.utils.Hooks.beforeWebScenario(Hooks.java:83)
	at java.base/java.lang.reflect.Method.invoke(Method.java:568)
	at io.cucumber.java.Invoker.doInvoke(Invoker.java:66)
	at io.cucumber.java.Invoker.invoke(Invoker.java:24)
	at io.cucumber.java.AbstractGlueDefinition.invokeMethod(AbstractGlueDefinition.java:47)
	at io.cucumber.java.JavaHookDefinition.execute(JavaHookDefinition.java:64)
	at io.cucumber.core.runner.CoreHookDefinition.execute(CoreHookDefinition.java:46)
	at io.cucumber.core.runner.HookDefinitionMatch.runStep(HookDefinitionMatch.java:21)
	at io.cucumber.core.runner.ExecutionMode$1.execute(ExecutionMode.java:10)
	at io.cucumber.core.runner.TestStep.executeStep(TestStep.java:84)
	at io.cucumber.core.runner.TestStep.run(TestStep.java:56)
	at io.cucumber.core.runner.TestCase.run(TestCase.java:78)
	at io.cucumber.core.runner.Runner.runPickle(Runner.java:75)
	at io.cucumber.junit.platform.engine.CucumberEngineExecutionContext.lambda$runTestCase$4(CucumberEngineExecutionContext.java:112)
	at io.cucumber.core.runtime.CucumberExecutionContext.lambda$runTestCase$5(CucumberExecutionContext.java:137)
	at io.cucumber.core.runtime.RethrowingThrowableCollector.executeAndThrow(RethrowingThrowableCollector.java:23)
	at io.cucumber.core.runtime.CucumberExecutionContext.runTestCase(CucumberExecutionContext.java:137)
	at io.cucumber.junit.platform.engine.CucumberEngineExecutionContext.runTestCase(CucumberEngineExecutionContext.java:109)
	at io.cucumber.junit.platform.engine.NodeDescriptor$PickleDescriptor.execute(NodeDescriptor.java:168)
	at io.cucumber.junit.platform.engine.NodeDescriptor$PickleDescriptor.execute(NodeDescriptor.java:90)
	at java.base/java.util.ArrayList.forEach(ArrayList.java:1511)
	at java.base/java.util.ArrayList.forEach(ArrayList.java:1511)
Caused by: org.openqa.selenium.SessionNotCreatedException: Could not start a new session. Response code 500. Message: session not created
from unknown error: cannot find Chrome binary 
Host info: host: 'M-DZ', ip: '192.168.1.12'
Build info: version: '4.16.1', revision: '9b4c83354e'
System info: os.name: 'Windows 11', os.arch: 'amd64', os.version: '10.0', java.version: '17.0.12'
Driver info: org.openqa.selenium.chrome.ChromeDriver
Command: [null, newSession {capabilities=[Capabilities {browserName: chrome, goog:chromeOptions: {args: [--start-maximized, --disable-web-security, --disable-features=VizDispl..., --disable-extensions, --disable-plugins, --disable-background-timer-..., --disable-backgrounding-occ..., --disable-renderer-backgrou..., --disable-ipc-flooding-prot..., --disable-hang-monitor, --disable-prompt-on-repost, --disable-domain-reliability, --max_old_space_size=4096, --disable-background-networ..., --no-first-run, --disable-default-apps, --disable-popup-blocking, --disable-translate, --disable-notifications, --disable-logging, --disable-login-animations, --disable-motion-blur, --disable-new-tab-first-run, --no-default-browser-check, --no-pings, --disable-sync, --disable-component-update, --disable-client-side-phish...], extensions: []}}]}]
	at app//org.openqa.selenium.remote.ProtocolHandshake.createSession(ProtocolHandshake.java:140)
	at app//org.openqa.selenium.remote.ProtocolHandshake.createSession(ProtocolHandshake.java:96)
	at app//org.openqa.selenium.remote.ProtocolHandshake.createSession(ProtocolHandshake.java:68)
	at app//org.openqa.selenium.remote.HttpCommandExecutor.execute(HttpCommandExecutor.java:163)
	at app//org.openqa.selenium.remote.service.DriverCommandExecutor.invokeExecute(DriverCommandExecutor.java:200)
	at app//org.openqa.selenium.remote.service.DriverCommandExecutor.execute(DriverCommandExecutor.java:175)
	at app//org.openqa.selenium.remote.RemoteWebDriver.execute(RemoteWebDriver.java:523)
	at app//org.openqa.selenium.remote.RemoteWebDriver.startSession(RemoteWebDriver.java:237)
	at app//org.openqa.selenium.remote.RemoteWebDriver.&lt;init&gt;(RemoteWebDriver.java:164)
	at app//org.openqa.selenium.chromium.ChromiumDriver.&lt;init&gt;(ChromiumDriver.java:114)
	at app//org.openqa.selenium.chrome.ChromeDriver.&lt;init&gt;(ChromeDriver.java:89)
	at app//org.openqa.selenium.chrome.ChromeDriver.&lt;init&gt;(ChromeDriver.java:84)
	at app//org.openqa.selenium.chrome.ChromeDriver.&lt;init&gt;(ChromeDriver.java:73)
	at app//com.kestrel.utils.DriverManager.createChromeDriver(DriverManager.java:126)
	... 23 more
</failure>
  </testcase>
  <testcase name="Cart modification operations" classname="com.kestrel.runners.WebTestRunner" time="1.539">
    <failure message="java.lang.RuntimeException: Web scenario setup failed" type="java.lang.RuntimeException">java.lang.RuntimeException: Web scenario setup failed
	at com.kestrel.utils.Hooks.beforeWebScenario(Hooks.java:94)
Caused by: java.lang.RuntimeException: Chrome driver initialization failed
	at com.kestrel.utils.DriverManager.createChromeDriver(DriverManager.java:130)
	at com.kestrel.utils.DriverManager.initializeDriver(DriverManager.java:51)
	at com.kestrel.utils.Hooks.beforeWebScenario(Hooks.java:83)
	at java.base/java.lang.reflect.Method.invoke(Method.java:568)
	at io.cucumber.java.Invoker.doInvoke(Invoker.java:66)
	at io.cucumber.java.Invoker.invoke(Invoker.java:24)
	at io.cucumber.java.AbstractGlueDefinition.invokeMethod(AbstractGlueDefinition.java:47)
	at io.cucumber.java.JavaHookDefinition.execute(JavaHookDefinition.java:64)
	at io.cucumber.core.runner.CoreHookDefinition.execute(CoreHookDefinition.java:46)
	at io.cucumber.core.runner.HookDefinitionMatch.runStep(HookDefinitionMatch.java:21)
	at io.cucumber.core.runner.ExecutionMode$1.execute(ExecutionMode.java:10)
	at io.cucumber.core.runner.TestStep.executeStep(TestStep.java:84)
	at io.cucumber.core.runner.TestStep.run(TestStep.java:56)
	at io.cucumber.core.runner.TestCase.run(TestCase.java:78)
	at io.cucumber.core.runner.Runner.runPickle(Runner.java:75)
	at io.cucumber.junit.platform.engine.CucumberEngineExecutionContext.lambda$runTestCase$4(CucumberEngineExecutionContext.java:112)
	at io.cucumber.core.runtime.CucumberExecutionContext.lambda$runTestCase$5(CucumberExecutionContext.java:137)
	at io.cucumber.core.runtime.RethrowingThrowableCollector.executeAndThrow(RethrowingThrowableCollector.java:23)
	at io.cucumber.core.runtime.CucumberExecutionContext.runTestCase(CucumberExecutionContext.java:137)
	at io.cucumber.junit.platform.engine.CucumberEngineExecutionContext.runTestCase(CucumberEngineExecutionContext.java:109)
	at io.cucumber.junit.platform.engine.NodeDescriptor$PickleDescriptor.execute(NodeDescriptor.java:168)
	at io.cucumber.junit.platform.engine.NodeDescriptor$PickleDescriptor.execute(NodeDescriptor.java:90)
	at java.base/java.util.ArrayList.forEach(ArrayList.java:1511)
	at java.base/java.util.ArrayList.forEach(ArrayList.java:1511)
Caused by: org.openqa.selenium.SessionNotCreatedException: Could not start a new session. Response code 500. Message: session not created
from unknown error: cannot find Chrome binary 
Host info: host: 'M-DZ', ip: '192.168.1.12'
Build info: version: '4.16.1', revision: '9b4c83354e'
System info: os.name: 'Windows 11', os.arch: 'amd64', os.version: '10.0', java.version: '17.0.12'
Driver info: org.openqa.selenium.chrome.ChromeDriver
Command: [null, newSession {capabilities=[Capabilities {browserName: chrome, goog:chromeOptions: {args: [--start-maximized, --disable-web-security, --disable-features=VizDispl..., --disable-extensions, --disable-plugins, --disable-background-timer-..., --disable-backgrounding-occ..., --disable-renderer-backgrou..., --disable-ipc-flooding-prot..., --disable-hang-monitor, --disable-prompt-on-repost, --disable-domain-reliability, --max_old_space_size=4096, --disable-background-networ..., --no-first-run, --disable-default-apps, --disable-popup-blocking, --disable-translate, --disable-notifications, --disable-logging, --disable-login-animations, --disable-motion-blur, --disable-new-tab-first-run, --no-default-browser-check, --no-pings, --disable-sync, --disable-component-update, --disable-client-side-phish...], extensions: []}}]}]
	at app//org.openqa.selenium.remote.ProtocolHandshake.createSession(ProtocolHandshake.java:140)
	at app//org.openqa.selenium.remote.ProtocolHandshake.createSession(ProtocolHandshake.java:96)
	at app//org.openqa.selenium.remote.ProtocolHandshake.createSession(ProtocolHandshake.java:68)
	at app//org.openqa.selenium.remote.HttpCommandExecutor.execute(HttpCommandExecutor.java:163)
	at app//org.openqa.selenium.remote.service.DriverCommandExecutor.invokeExecute(DriverCommandExecutor.java:200)
	at app//org.openqa.selenium.remote.service.DriverCommandExecutor.execute(DriverCommandExecutor.java:175)
	at app//org.openqa.selenium.remote.RemoteWebDriver.execute(RemoteWebDriver.java:523)
	at app//org.openqa.selenium.remote.RemoteWebDriver.startSession(RemoteWebDriver.java:237)
	at app//org.openqa.selenium.remote.RemoteWebDriver.&lt;init&gt;(RemoteWebDriver.java:164)
	at app//org.openqa.selenium.chromium.ChromiumDriver.&lt;init&gt;(ChromiumDriver.java:114)
	at app//org.openqa.selenium.chrome.ChromeDriver.&lt;init&gt;(ChromeDriver.java:89)
	at app//org.openqa.selenium.chrome.ChromeDriver.&lt;init&gt;(ChromeDriver.java:84)
	at app//org.openqa.selenium.chrome.ChromeDriver.&lt;init&gt;(ChromeDriver.java:73)
	at app//com.kestrel.utils.DriverManager.createChromeDriver(DriverManager.java:126)
	... 23 more
</failure>
  </testcase>
  <testcase name="Product details verification" classname="com.kestrel.runners.WebTestRunner" time="1.421">
    <failure message="java.lang.RuntimeException: Web scenario setup failed" type="java.lang.RuntimeException">java.lang.RuntimeException: Web scenario setup failed
	at com.kestrel.utils.Hooks.beforeWebScenario(Hooks.java:94)
Caused by: java.lang.RuntimeException: Chrome driver initialization failed
	at com.kestrel.utils.DriverManager.createChromeDriver(DriverManager.java:130)
	at com.kestrel.utils.DriverManager.initializeDriver(DriverManager.java:51)
	at com.kestrel.utils.Hooks.beforeWebScenario(Hooks.java:83)
	at java.base/java.lang.reflect.Method.invoke(Method.java:568)
	at io.cucumber.java.Invoker.doInvoke(Invoker.java:66)
	at io.cucumber.java.Invoker.invoke(Invoker.java:24)
	at io.cucumber.java.AbstractGlueDefinition.invokeMethod(AbstractGlueDefinition.java:47)
	at io.cucumber.java.JavaHookDefinition.execute(JavaHookDefinition.java:64)
	at io.cucumber.core.runner.CoreHookDefinition.execute(CoreHookDefinition.java:46)
	at io.cucumber.core.runner.HookDefinitionMatch.runStep(HookDefinitionMatch.java:21)
	at io.cucumber.core.runner.ExecutionMode$1.execute(ExecutionMode.java:10)
	at io.cucumber.core.runner.TestStep.executeStep(TestStep.java:84)
	at io.cucumber.core.runner.TestStep.run(TestStep.java:56)
	at io.cucumber.core.runner.TestCase.run(TestCase.java:78)
	at io.cucumber.core.runner.Runner.runPickle(Runner.java:75)
	at io.cucumber.junit.platform.engine.CucumberEngineExecutionContext.lambda$runTestCase$4(CucumberEngineExecutionContext.java:112)
	at io.cucumber.core.runtime.CucumberExecutionContext.lambda$runTestCase$5(CucumberExecutionContext.java:137)
	at io.cucumber.core.runtime.RethrowingThrowableCollector.executeAndThrow(RethrowingThrowableCollector.java:23)
	at io.cucumber.core.runtime.CucumberExecutionContext.runTestCase(CucumberExecutionContext.java:137)
	at io.cucumber.junit.platform.engine.CucumberEngineExecutionContext.runTestCase(CucumberEngineExecutionContext.java:109)
	at io.cucumber.junit.platform.engine.NodeDescriptor$PickleDescriptor.execute(NodeDescriptor.java:168)
	at io.cucumber.junit.platform.engine.NodeDescriptor$PickleDescriptor.execute(NodeDescriptor.java:90)
	at java.base/java.util.ArrayList.forEach(ArrayList.java:1511)
	at java.base/java.util.ArrayList.forEach(ArrayList.java:1511)
Caused by: org.openqa.selenium.SessionNotCreatedException: Could not start a new session. Response code 500. Message: session not created
from unknown error: cannot find Chrome binary 
Host info: host: 'M-DZ', ip: '192.168.1.12'
Build info: version: '4.16.1', revision: '9b4c83354e'
System info: os.name: 'Windows 11', os.arch: 'amd64', os.version: '10.0', java.version: '17.0.12'
Driver info: org.openqa.selenium.chrome.ChromeDriver
Command: [null, newSession {capabilities=[Capabilities {browserName: chrome, goog:chromeOptions: {args: [--start-maximized, --disable-web-security, --disable-features=VizDispl..., --disable-extensions, --disable-plugins, --disable-background-timer-..., --disable-backgrounding-occ..., --disable-renderer-backgrou..., --disable-ipc-flooding-prot..., --disable-hang-monitor, --disable-prompt-on-repost, --disable-domain-reliability, --max_old_space_size=4096, --disable-background-networ..., --no-first-run, --disable-default-apps, --disable-popup-blocking, --disable-translate, --disable-notifications, --disable-logging, --disable-login-animations, --disable-motion-blur, --disable-new-tab-first-run, --no-default-browser-check, --no-pings, --disable-sync, --disable-component-update, --disable-client-side-phish...], extensions: []}}]}]
	at app//org.openqa.selenium.remote.ProtocolHandshake.createSession(ProtocolHandshake.java:140)
	at app//org.openqa.selenium.remote.ProtocolHandshake.createSession(ProtocolHandshake.java:96)
	at app//org.openqa.selenium.remote.ProtocolHandshake.createSession(ProtocolHandshake.java:68)
	at app//org.openqa.selenium.remote.HttpCommandExecutor.execute(HttpCommandExecutor.java:163)
	at app//org.openqa.selenium.remote.service.DriverCommandExecutor.invokeExecute(DriverCommandExecutor.java:200)
	at app//org.openqa.selenium.remote.service.DriverCommandExecutor.execute(DriverCommandExecutor.java:175)
	at app//org.openqa.selenium.remote.RemoteWebDriver.execute(RemoteWebDriver.java:523)
	at app//org.openqa.selenium.remote.RemoteWebDriver.startSession(RemoteWebDriver.java:237)
	at app//org.openqa.selenium.remote.RemoteWebDriver.&lt;init&gt;(RemoteWebDriver.java:164)
	at app//org.openqa.selenium.chromium.ChromiumDriver.&lt;init&gt;(ChromiumDriver.java:114)
	at app//org.openqa.selenium.chrome.ChromeDriver.&lt;init&gt;(ChromeDriver.java:89)
	at app//org.openqa.selenium.chrome.ChromeDriver.&lt;init&gt;(ChromeDriver.java:84)
	at app//org.openqa.selenium.chrome.ChromeDriver.&lt;init&gt;(ChromeDriver.java:73)
	at app//com.kestrel.utils.DriverManager.createChromeDriver(DriverManager.java:126)
	... 23 more
</failure>
  </testcase>
  <testcase name="Cart operations without authentication" classname="com.kestrel.runners.WebTestRunner" time="1.461">
    <failure message="java.lang.RuntimeException: Web scenario setup failed" type="java.lang.RuntimeException">java.lang.RuntimeException: Web scenario setup failed
	at com.kestrel.utils.Hooks.beforeWebScenario(Hooks.java:94)
Caused by: java.lang.RuntimeException: Chrome driver initialization failed
	at com.kestrel.utils.DriverManager.createChromeDriver(DriverManager.java:130)
	at com.kestrel.utils.DriverManager.initializeDriver(DriverManager.java:51)
	at com.kestrel.utils.Hooks.beforeWebScenario(Hooks.java:83)
	at java.base/java.lang.reflect.Method.invoke(Method.java:568)
	at io.cucumber.java.Invoker.doInvoke(Invoker.java:66)
	at io.cucumber.java.Invoker.invoke(Invoker.java:24)
	at io.cucumber.java.AbstractGlueDefinition.invokeMethod(AbstractGlueDefinition.java:47)
	at io.cucumber.java.JavaHookDefinition.execute(JavaHookDefinition.java:64)
	at io.cucumber.core.runner.CoreHookDefinition.execute(CoreHookDefinition.java:46)
	at io.cucumber.core.runner.HookDefinitionMatch.runStep(HookDefinitionMatch.java:21)
	at io.cucumber.core.runner.ExecutionMode$1.execute(ExecutionMode.java:10)
	at io.cucumber.core.runner.TestStep.executeStep(TestStep.java:84)
	at io.cucumber.core.runner.TestStep.run(TestStep.java:56)
	at io.cucumber.core.runner.TestCase.run(TestCase.java:78)
	at io.cucumber.core.runner.Runner.runPickle(Runner.java:75)
	at io.cucumber.junit.platform.engine.CucumberEngineExecutionContext.lambda$runTestCase$4(CucumberEngineExecutionContext.java:112)
	at io.cucumber.core.runtime.CucumberExecutionContext.lambda$runTestCase$5(CucumberExecutionContext.java:137)
	at io.cucumber.core.runtime.RethrowingThrowableCollector.executeAndThrow(RethrowingThrowableCollector.java:23)
	at io.cucumber.core.runtime.CucumberExecutionContext.runTestCase(CucumberExecutionContext.java:137)
	at io.cucumber.junit.platform.engine.CucumberEngineExecutionContext.runTestCase(CucumberEngineExecutionContext.java:109)
	at io.cucumber.junit.platform.engine.NodeDescriptor$PickleDescriptor.execute(NodeDescriptor.java:168)
	at io.cucumber.junit.platform.engine.NodeDescriptor$PickleDescriptor.execute(NodeDescriptor.java:90)
	at java.base/java.util.ArrayList.forEach(ArrayList.java:1511)
	at java.base/java.util.ArrayList.forEach(ArrayList.java:1511)
Caused by: org.openqa.selenium.SessionNotCreatedException: Could not start a new session. Response code 500. Message: session not created
from unknown error: cannot find Chrome binary 
Host info: host: 'M-DZ', ip: '192.168.1.12'
Build info: version: '4.16.1', revision: '9b4c83354e'
System info: os.name: 'Windows 11', os.arch: 'amd64', os.version: '10.0', java.version: '17.0.12'
Driver info: org.openqa.selenium.chrome.ChromeDriver
Command: [null, newSession {capabilities=[Capabilities {browserName: chrome, goog:chromeOptions: {args: [--start-maximized, --disable-web-security, --disable-features=VizDispl..., --disable-extensions, --disable-plugins, --disable-background-timer-..., --disable-backgrounding-occ..., --disable-renderer-backgrou..., --disable-ipc-flooding-prot..., --disable-hang-monitor, --disable-prompt-on-repost, --disable-domain-reliability, --max_old_space_size=4096, --disable-background-networ..., --no-first-run, --disable-default-apps, --disable-popup-blocking, --disable-translate, --disable-notifications, --disable-logging, --disable-login-animations, --disable-motion-blur, --disable-new-tab-first-run, --no-default-browser-check, --no-pings, --disable-sync, --disable-component-update, --disable-client-side-phish...], extensions: []}}]}]
	at app//org.openqa.selenium.remote.ProtocolHandshake.createSession(ProtocolHandshake.java:140)
	at app//org.openqa.selenium.remote.ProtocolHandshake.createSession(ProtocolHandshake.java:96)
	at app//org.openqa.selenium.remote.ProtocolHandshake.createSession(ProtocolHandshake.java:68)
	at app//org.openqa.selenium.remote.HttpCommandExecutor.execute(HttpCommandExecutor.java:163)
	at app//org.openqa.selenium.remote.service.DriverCommandExecutor.invokeExecute(DriverCommandExecutor.java:200)
	at app//org.openqa.selenium.remote.service.DriverCommandExecutor.execute(DriverCommandExecutor.java:175)
	at app//org.openqa.selenium.remote.RemoteWebDriver.execute(RemoteWebDriver.java:523)
	at app//org.openqa.selenium.remote.RemoteWebDriver.startSession(RemoteWebDriver.java:237)
	at app//org.openqa.selenium.remote.RemoteWebDriver.&lt;init&gt;(RemoteWebDriver.java:164)
	at app//org.openqa.selenium.chromium.ChromiumDriver.&lt;init&gt;(ChromiumDriver.java:114)
	at app//org.openqa.selenium.chrome.ChromeDriver.&lt;init&gt;(ChromeDriver.java:89)
	at app//org.openqa.selenium.chrome.ChromeDriver.&lt;init&gt;(ChromeDriver.java:84)
	at app//org.openqa.selenium.chrome.ChromeDriver.&lt;init&gt;(ChromeDriver.java:73)
	at app//com.kestrel.utils.DriverManager.createChromeDriver(DriverManager.java:126)
	... 23 more
</failure>
  </testcase>
  <testcase name="Empty cart checkout attempt" classname="com.kestrel.runners.WebTestRunner" time="1.599">
    <failure message="java.lang.RuntimeException: Web scenario setup failed" type="java.lang.RuntimeException">java.lang.RuntimeException: Web scenario setup failed
	at com.kestrel.utils.Hooks.beforeWebScenario(Hooks.java:94)
Caused by: java.lang.RuntimeException: Chrome driver initialization failed
	at com.kestrel.utils.DriverManager.createChromeDriver(DriverManager.java:130)
	at com.kestrel.utils.DriverManager.initializeDriver(DriverManager.java:51)
	at com.kestrel.utils.Hooks.beforeWebScenario(Hooks.java:83)
	at java.base/java.lang.reflect.Method.invoke(Method.java:568)
	at io.cucumber.java.Invoker.doInvoke(Invoker.java:66)
	at io.cucumber.java.Invoker.invoke(Invoker.java:24)
	at io.cucumber.java.AbstractGlueDefinition.invokeMethod(AbstractGlueDefinition.java:47)
	at io.cucumber.java.JavaHookDefinition.execute(JavaHookDefinition.java:64)
	at io.cucumber.core.runner.CoreHookDefinition.execute(CoreHookDefinition.java:46)
	at io.cucumber.core.runner.HookDefinitionMatch.runStep(HookDefinitionMatch.java:21)
	at io.cucumber.core.runner.ExecutionMode$1.execute(ExecutionMode.java:10)
	at io.cucumber.core.runner.TestStep.executeStep(TestStep.java:84)
	at io.cucumber.core.runner.TestStep.run(TestStep.java:56)
	at io.cucumber.core.runner.TestCase.run(TestCase.java:78)
	at io.cucumber.core.runner.Runner.runPickle(Runner.java:75)
	at io.cucumber.junit.platform.engine.CucumberEngineExecutionContext.lambda$runTestCase$4(CucumberEngineExecutionContext.java:112)
	at io.cucumber.core.runtime.CucumberExecutionContext.lambda$runTestCase$5(CucumberExecutionContext.java:137)
	at io.cucumber.core.runtime.RethrowingThrowableCollector.executeAndThrow(RethrowingThrowableCollector.java:23)
	at io.cucumber.core.runtime.CucumberExecutionContext.runTestCase(CucumberExecutionContext.java:137)
	at io.cucumber.junit.platform.engine.CucumberEngineExecutionContext.runTestCase(CucumberEngineExecutionContext.java:109)
	at io.cucumber.junit.platform.engine.NodeDescriptor$PickleDescriptor.execute(NodeDescriptor.java:168)
	at io.cucumber.junit.platform.engine.NodeDescriptor$PickleDescriptor.execute(NodeDescriptor.java:90)
	at java.base/java.util.ArrayList.forEach(ArrayList.java:1511)
	at java.base/java.util.ArrayList.forEach(ArrayList.java:1511)
Caused by: org.openqa.selenium.SessionNotCreatedException: Could not start a new session. Response code 500. Message: session not created
from unknown error: cannot find Chrome binary 
Host info: host: 'M-DZ', ip: '192.168.1.12'
Build info: version: '4.16.1', revision: '9b4c83354e'
System info: os.name: 'Windows 11', os.arch: 'amd64', os.version: '10.0', java.version: '17.0.12'
Driver info: org.openqa.selenium.chrome.ChromeDriver
Command: [null, newSession {capabilities=[Capabilities {browserName: chrome, goog:chromeOptions: {args: [--start-maximized, --disable-web-security, --disable-features=VizDispl..., --disable-extensions, --disable-plugins, --disable-background-timer-..., --disable-backgrounding-occ..., --disable-renderer-backgrou..., --disable-ipc-flooding-prot..., --disable-hang-monitor, --disable-prompt-on-repost, --disable-domain-reliability, --max_old_space_size=4096, --disable-background-networ..., --no-first-run, --disable-default-apps, --disable-popup-blocking, --disable-translate, --disable-notifications, --disable-logging, --disable-login-animations, --disable-motion-blur, --disable-new-tab-first-run, --no-default-browser-check, --no-pings, --disable-sync, --disable-component-update, --disable-client-side-phish...], extensions: []}}]}]
	at app//org.openqa.selenium.remote.ProtocolHandshake.createSession(ProtocolHandshake.java:140)
	at app//org.openqa.selenium.remote.ProtocolHandshake.createSession(ProtocolHandshake.java:96)
	at app//org.openqa.selenium.remote.ProtocolHandshake.createSession(ProtocolHandshake.java:68)
	at app//org.openqa.selenium.remote.HttpCommandExecutor.execute(HttpCommandExecutor.java:163)
	at app//org.openqa.selenium.remote.service.DriverCommandExecutor.invokeExecute(DriverCommandExecutor.java:200)
	at app//org.openqa.selenium.remote.service.DriverCommandExecutor.execute(DriverCommandExecutor.java:175)
	at app//org.openqa.selenium.remote.RemoteWebDriver.execute(RemoteWebDriver.java:523)
	at app//org.openqa.selenium.remote.RemoteWebDriver.startSession(RemoteWebDriver.java:237)
	at app//org.openqa.selenium.remote.RemoteWebDriver.&lt;init&gt;(RemoteWebDriver.java:164)
	at app//org.openqa.selenium.chromium.ChromiumDriver.&lt;init&gt;(ChromiumDriver.java:114)
	at app//org.openqa.selenium.chrome.ChromeDriver.&lt;init&gt;(ChromeDriver.java:89)
	at app//org.openqa.selenium.chrome.ChromeDriver.&lt;init&gt;(ChromeDriver.java:84)
[...]
[Test worker] INFO io.github.bonigarcia.wdm.WebDriverManager - Exporting webdriver.chrome.driver as C:\Users\azka1\.cache\selenium\chromedriver\win64\137.0.7151.68\chromedriver.exe
[Test worker] ERROR com.kestrel.utils.DriverManager - ? Failed to create Chrome driver: Could not start a new session. Response code 500. Message: session not created
from unknown error: cannot find Chrome binary 
Host info: host: 'M-DZ', ip: '192.168.1.12'
Build info: version: '4.16.1', revision: '9b4c83354e'
System info: os.name: 'Windows 11', os.arch: 'amd64', os.version: '10.0', java.version: '17.0.12'
Driver info: org.openqa.selenium.chrome.ChromeDriver
Command: [null, newSession {capabilities=[Capabilities {browserName: chrome, goog:chromeOptions: {args: [--start-maximized, --disable-web-security, --disable-features=VizDispl..., --disable-extensions, --disable-plugins, --disable-background-timer-..., --disable-backgrounding-occ..., --disable-renderer-backgrou..., --disable-ipc-flooding-prot..., --disable-hang-monitor, --disable-prompt-on-repost, --disable-domain-reliability, --max_old_space_size=4096, --disable-background-networ..., --no-first-run, --disable-default-apps, --disable-popup-blocking, --disable-translate, --disable-notifications, --disable-logging, --disable-login-animations, --disable-motion-blur, --disable-new-tab-first-run, --no-default-browser-check, --no-pings, --disable-sync, --disable-component-update, --disable-client-side-phish...], extensions: []}}]}]
[Test worker] ERROR com.kestrel.utils.Hooks - ? Failed to initialize web hunt: Chrome driver initialization failed
[Test worker] ERROR com.kestrel.utils.Hooks - ? Web hunt failed: Product details verification [Thread: Test worker]
[Test worker] WARN com.kestrel.utils.ScreenshotCapture - ?? No driver initialized, cannot capture screenshot
[Test worker] WARN com.kestrel.utils.ScreenshotCapture - ?? No driver initialized, cannot capture screenshot
[Test worker] INFO com.kestrel.utils.Hooks - ? Kestrel Web Hunt Starting: Cart operations without authentication [Thread: Test worker]
[Test worker] INFO com.kestrel.utils.DriverManager - ? Kestrel initializing chrome driver (headless: false, env: dev)
[Test worker] INFO io.github.bonigarcia.wdm.WebDriverManager - Exporting webdriver.chrome.driver as C:\Users\azka1\.cache\selenium\chromedriver\win64\137.0.7151.68\chromedriver.exe
[Test worker] ERROR com.kestrel.utils.DriverManager - ? Failed to create Chrome driver: Could not start a new session. Response code 500. Message: session not created
from unknown error: cannot find Chrome binary 
Host info: host: 'M-DZ', ip: '192.168.1.12'
Build info: version: '4.16.1', revision: '9b4c83354e'
System info: os.name: 'Windows 11', os.arch: 'amd64', os.version: '10.0', java.version: '17.0.12'
Driver info: org.openqa.selenium.chrome.ChromeDriver
Command: [null, newSession {capabilities=[Capabilities {browserName: chrome, goog:chromeOptions: {args: [--start-maximized, --disable-web-security, --disable-features=VizDispl..., --disable-extensions, --disable-plugins, --disable-background-timer-..., --disable-backgrounding-occ..., --disable-renderer-backgrou..., --disable-ipc-flooding-prot..., --disable-hang-monitor, --disable-prompt-on-repost, --disable-domain-reliability, --max_old_space_size=4096, --disable-background-networ..., --no-first-run, --disable-default-apps, --disable-popup-blocking, --disable-translate, --disable-notifications, --disable-logging, --disable-login-animations, --disable-motion-blur, --disable-new-tab-first-run, --no-default-browser-check, --no-pings, --disable-sync, --disable-component-update, --disable-client-side-phish...], extensions: []}}]}]
[Test worker] ERROR com.kestrel.utils.Hooks - ? Failed to initialize web hunt: Chrome driver initialization failed
[Test worker] ERROR com.kestrel.utils.Hooks - ? Web hunt failed: Cart operations without authentication [Thread: Test worker]
[Test worker] WARN com.kestrel.utils.ScreenshotCapture - ?? No driver initialized, cannot capture screenshot
[Test worker] WARN com.kestrel.utils.ScreenshotCapture - ?? No driver initialized, cannot capture screenshot
[Test worker] INFO com.kestrel.utils.Hooks - ? Kestrel Web Hunt Starting: Empty cart checkout attempt [Thread: Test worker]
[Test worker] INFO com.kestrel.utils.DriverManager - ? Kestrel initializing chrome driver (headless: false, env: dev)
[Test worker] INFO io.github.bonigarcia.wdm.WebDriverManager - Exporting webdriver.chrome.driver as C:\Users\azka1\.cache\selenium\chromedriver\win64\137.0.7151.68\chromedriver.exe
[Test worker] ERROR com.kestrel.utils.DriverManager - ? Failed to create Chrome driver: Could not start a new session. Response code 500. Message: session not created
from unknown error: cannot find Chrome binary 
Host info: host: 'M-DZ', ip: '192.168.1.12'
Build info: version: '4.16.1', revision: '9b4c83354e'
System info: os.name: 'Windows 11', os.arch: 'amd64', os.version: '10.0', java.version: '17.0.12'
Driver info: org.openqa.selenium.chrome.ChromeDriver
Command: [null, newSession {capabilities=[Capabilities {browserName: chrome, goog:chromeOptions: {args: [--start-maximized, --disable-web-security, --disable-features=VizDispl..., --disable-extensions, --disable-plugins, --disable-background-timer-..., --disable-backgrounding-occ..., --disable-renderer-backgrou..., --disable-ipc-flooding-prot..., --disable-hang-monitor, --disable-prompt-on-repost, --disable-domain-reliability, --max_old_space_size=4096, --disable-background-networ..., --no-first-run, --disable-default-apps, --disable-popup-blocking, --disable-translate, --disable-notifications, --disable-logging, --disable-login-animations, --disable-motion-blur, --disable-new-tab-first-run, --no-default-browser-check, --no-pings, --disable-sync, --disable-component-update, --disable-client-side-phish...], extensions: []}}]}]
[Test worker] ERROR com.kestrel.utils.Hooks - ? Failed to initialize web hunt: Chrome driver initialization failed
[Test worker] ERROR com.kestrel.utils.Hooks - ? Web hunt failed: Empty cart checkout attempt [Thread: Test worker]
[Test worker] WARN com.kestrel.utils.ScreenshotCapture - ?? No driver initialized, cannot capture screenshot
[Test worker] WARN com.kestrel.utils.ScreenshotCapture - ?? No driver initialized, cannot capture screenshot
[Test worker] INFO com.kestrel.utils.Hooks - ? Kestrel Web Hunt Starting: Product reconnaissance and acquisition [Thread: Test worker]
[Test worker] INFO com.kestrel.utils.DriverManager - ? Kestrel initializing chrome driver (headless: false, env: dev)
[Test worker] INFO io.github.bonigarcia.wdm.WebDriverManager - Exporting webdriver.chrome.driver as C:\Users\azka1\.cache\selenium\chromedriver\win64\137.0.7151.68\chromedriver.exe
[Test worker] ERROR com.kestrel.utils.DriverManager - ? Failed to create Chrome driver: Could not start a new session. Response code 500. Message: session not created
from unknown error: cannot find Chrome binary 
Host info: host: 'M-DZ', ip: '192.168.1.12'
Build info: version: '4.16.1', revision: '9b4c83354e'
System info: os.name: 'Windows 11', os.arch: 'amd64', os.version: '10.0', java.version: '17.0.12'
Driver info: org.openqa.selenium.chrome.ChromeDriver
Command: [null, newSession {capabilities=[Capabilities {browserName: chrome, goog:chromeOptions: {args: [--start-maximized, --disable-web-security, --disable-features=VizDispl..., --disable-extensions, --disable-plugins, --disable-background-timer-..., --disable-backgrounding-occ..., --disable-renderer-backgrou..., --disable-ipc-flooding-prot..., --disable-hang-monitor, --disable-prompt-on-repost, --disable-domain-reliability, --max_old_space_size=4096, --disable-background-networ..., --no-first-run, --disable-default-apps, --disable-popup-blocking, --disable-translate, --disable-notifications, --disable-logging, --disable-login-animations, --disable-motion-blur, --disable-new-tab-first-run, --no-default-browser-check, --no-pings, --disable-sync, --disable-component-update, --disable-client-side-phish...], extensions: []}}]}]
[Test worker] ERROR com.kestrel.utils.Hooks - ? Failed to initialize web hunt: Chrome driver initialization failed
[Test worker] ERROR com.kestrel.utils.Hooks - ? Web hunt failed: Product reconnaissance and acquisition [Thread: Test worker]
[Test worker] WARN com.kestrel.utils.ScreenshotCapture - ?? No driver initialized, cannot capture screenshot
[Test worker] WARN com.kestrel.utils.ScreenshotCapture - ?? No driver initialized, cannot capture screenshot
[Test worker] INFO com.kestrel.utils.Hooks - ? Kestrel Web Hunt Starting: Multi-product cart assembly [Thread: Test worker]
[Test worker] INFO com.kestrel.utils.DriverManager - ? Kestrel initializing chrome driver (headless: false, env: dev)
[Test worker] INFO io.github.bonigarcia.wdm.WebDriverManager - Exporting webdriver.chrome.driver as C:\Users\azka1\.cache\selenium\chromedriver\win64\137.0.7151.68\chromedriver.exe
[Test worker] ERROR com.kestrel.utils.DriverManager - ? Failed to create Chrome driver: Could not start a new session. Response code 500. Message: session not created
from unknown error: cannot find Chrome binary 
Host info: host: 'M-DZ', ip: '192.168.1.12'
Build info: version: '4.16.1', revision: '9b4c83354e'
System info: os.name: 'Windows 11', os.arch: 'amd64', os.version: '10.0', java.version: '17.0.12'
Driver info: org.openqa.selenium.chrome.ChromeDriver
Command: [null, newSession {capabilities=[Capabilities {browserName: chrome, goog:chromeOptions: {args: [--start-maximized, --disable-web-security, --disable-features=VizDispl..., --disable-extensions, --disable-plugins, --disable-background-timer-..., --disable-backgrounding-occ..., --disable-renderer-backgrou..., --disable-ipc-flooding-prot..., --disable-hang-monitor, --disable-prompt-on-repost, --disable-domain-reliability, --max_old_space_size=4096, --disable-background-networ..., --no-first-run, --disable-default-apps, --disable-popup-blocking, --disable-translate, --disable-notifications, --disable-logging, --disable-login-animations, --disable-motion-blur, --disable-new-tab-first-run, --no-default-browser-check, --no-pings, --disable-sync, --disable-component-update, --disable-client-side-phish...], extensions: []}}]}]
[Test worker] ERROR com.kestrel.utils.Hooks - ? Failed to initialize web hunt: Chrome driver initialization failed
[Test worker] ERROR com.kestrel.utils.Hooks - ? Web hunt failed: Multi-product cart assembly [Thread: Test worker]
[Test worker] WARN com.kestrel.utils.ScreenshotCapture - ?? No driver initialized, cannot capture screenshot
[Test worker] WARN com.kestrel.utils.ScreenshotCapture - ?? No driver initialized, cannot capture screenshot
[Test worker] INFO com.kestrel.utils.Hooks - ? Kestrel Web Hunt Starting: Cart modification operations [Thread: Test worker]
[Test worker] INFO com.kestrel.utils.DriverManager - ? Kestrel initializing chrome driver (headless: false, env: dev)
[Test worker] INFO io.github.bonigarcia.wdm.WebDriverManager - Exporting webdriver.chrome.driver as C:\Users\azka1\.cache\selenium\chromedriver\win64\137.0.7151.68\chromedriver.exe
[Test worker] ERROR com.kestrel.utils.DriverManager - ? Failed to create Chrome driver: Could not start a new session. Response code 500. Message: session not created
from unknown error: cannot find Chrome binary 
Host info: host: 'M-DZ', ip: '192.168.1.12'
Build info: version: '4.16.1', revision: '9b4c83354e'
System info: os.name: 'Windows 11', os.arch: 'amd64', os.version: '10.0', java.version: '17.0.12'
Driver info: org.openqa.selenium.chrome.ChromeDriver
Command: [null, newSession {capabilities=[Capabilities {browserName: chrome, goog:chromeOptions: {args: [--start-maximized, --disable-web-security, --disable-features=VizDispl..., --disable-extensions, --disable-plugins, --disable-background-timer-..., --disable-backgrounding-occ..., --disable-renderer-backgrou..., --disable-ipc-flooding-prot..., --disable-hang-monitor, --disable-prompt-on-repost, --disable-domain-reliability, --max_old_space_size=4096, --disable-background-networ..., --no-first-run, --disable-default-apps, --disable-popup-blocking, --disable-translate, --disable-notifications, --disable-logging, --disable-login-animations, --disable-motion-blur, --disable-new-tab-first-run, --no-default-browser-check, --no-pings, --disable-sync, --disable-component-update, --disable-client-side-phish...], extensions: []}}]}]
[Test worker] ERROR com.kestrel.utils.Hooks - ? Failed to initialize web hunt: Chrome driver initialization failed
[Test worker] ERROR com.kestrel.utils.Hooks - ? Web hunt failed: Cart modification operations [Thread: Test worker]
[Test worker] WARN com.kestrel.utils.ScreenshotCapture - ?? No driver initialized, cannot capture screenshot
[Test worker] WARN com.kestrel.utils.ScreenshotCapture - ?? No driver initialized, cannot capture screenshot
[Test worker] INFO com.kestrel.utils.Hooks - ? Kestrel Web Hunt Starting: Product details verification [Thread: Test worker]
[Test worker] INFO com.kestrel.utils.DriverManager - ? Kestrel initializing chrome driver (headless: false, env: dev)
[Test worker] INFO io.github.bonigarcia.wdm.WebDriverManager - Exporting webdriver.chrome.driver as C:\Users\azka1\.cache\selenium\chromedriver\win64\137.0.7151.68\chromedriver.exe
[Test worker] ERROR com.kestrel.utils.DriverManager - ? Failed to create Chrome driver: Could not start a new session. Response code 500. Message: session not created
from unknown error: cannot find Chrome binary 
Host info: host: 'M-DZ', ip: '192.168.1.12'
Build info: version: '4.16.1', revision: '9b4c83354e'
System info: os.name: 'Windows 11', os.arch: 'amd64', os.version: '10.0', java.version: '17.0.12'
Driver info: org.openqa.selenium.chrome.ChromeDriver
Command: [null, newSession {capabilities=[Capabilities {browserName: chrome, goog:chromeOptions: {args: [--start-maximized, --disable-web-security, --disable-features=VizDispl..., --disable-extensions, --disable-plugins, --disable-background-timer-..., --disable-backgrounding-occ..., --disable-renderer-backgrou..., --disable-ipc-flooding-prot..., --disable-hang-monitor, --disable-prompt-on-repost, --disable-domain-reliability, --max_old_space_size=4096, --disable-background-networ..., --no-first-run, --disable-default-apps, --disable-popup-blocking, --disable-translate, --disable-notifications, --disable-logging, --disable-login-animations, --disable-motion-blur, --disable-new-tab-first-run, --no-default-browser-check, --no-pings, --disable-sync, --disable-component-update, --disable-client-side-phish...], extensions: []}}]}]
[Test worker] ERROR com.kestrel.utils.Hooks - ? Failed to initialize web hunt: Chrome driver initialization failed
[Test worker] ERROR com.kestrel.utils.Hooks - ? Web hunt failed: Product details verification [Thread: Test worker]
[Test worker] WARN com.kestrel.utils.ScreenshotCapture - ?? No driver initialized, cannot capture screenshot
[Test worker] WARN com.kestrel.utils.ScreenshotCapture - ?? No driver initialized, cannot capture screenshot
[Test worker] INFO com.kestrel.utils.Hooks - ? Kestrel Web Hunt Starting: Cart operations without authentication [Thread: Test worker]
[Test worker] INFO com.kestrel.utils.DriverManager - ? Kestrel initializing chrome driver (headless: false, env: dev)
[Test worker] INFO io.github.bonigarcia.wdm.WebDriverManager - Exporting webdriver.chrome.driver as C:\Users\azka1\.cache\selenium\chromedriver\win64\137.0.7151.68\chromedriver.exe
[Test worker] ERROR com.kestrel.utils.DriverManager - ? Failed to create Chrome driver: Could not start a new session. Response code 500. Message: session not created
from unknown error: cannot find Chrome binary 
Host info: host: 'M-DZ', ip: '192.168.1.12'
Build info: version: '4.16.1', revision: '9b4c83354e'
System info: os.name: 'Windows 11', os.arch: 'amd64', os.version: '10.0', java.version: '17.0.12'
Driver info: org.openqa.selenium.chrome.ChromeDriver
Command: [null, newSession {capabilities=[Capabilities {browserName: chrome, goog:chromeOptions: {args: [--start-maximized, --disable-web-security, --disable-features=VizDispl..., --disable-extensions, --disable-plugins, --disable-background-timer-..., --disable-backgrounding-occ..., --disable-renderer-backgrou..., --disable-ipc-flooding-prot..., --disable-hang-monitor, --disable-prompt-on-repost, --disable-domain-reliability, --max_old_space_size=4096, --disable-background-networ..., --no-first-run, --disable-default-apps, --disable-popup-blocking, --disable-translate, --disable-notifications, --disable-logging, --disable-login-animations, --disable-motion-blur, --disable-new-tab-first-run, --no-default-browser-check, --no-pings, --disable-sync, --disable-component-update, --disable-client-side-phish...], extensions: []}}]}]
[Test worker] ERROR com.kestrel.utils.Hooks - ? Failed to initialize web hunt: Chrome driver initialization failed
[Test worker] ERROR com.kestrel.utils.Hooks - ? Web hunt failed: Cart operations without authentication [Thread: Test worker]
[Test worker] WARN com.kestrel.utils.ScreenshotCapture - ?? No driver initialized, cannot capture screenshot
[Test worker] WARN com.kestrel.utils.ScreenshotCapture - ?? No driver initialized, cannot capture screenshot
[Test worker] INFO com.kestrel.utils.Hooks - ? Kestrel Web Hunt Starting: Empty cart checkout attempt [Thread: Test worker]
[Test worker] INFO com.kestrel.utils.DriverManager - ? Kestrel initializing chrome driver (headless: false, env: dev)
[Test worker] INFO io.github.bonigarcia.wdm.WebDriverManager - Exporting webdriver.chrome.driver as C:\Users\azka1\.cache\selenium\chromedriver\win64\137.0.7151.68\chromedriver.exe
[Test worker] ERROR com.kestrel.utils.DriverManager - ? Failed to create Chrome driver: Could not start a new session. Response code 500. Message: session not created
from unknown error: cannot find Chrome binary 
Host info: host: 'M-DZ', ip: '192.168.1.12'
Build info: version: '4.16.1', revision: '9b4c83354e'
System info: os.name: 'Windows 11', os.arch: 'amd64', os.version: '10.0', java.version: '17.0.12'
Driver info: org.openqa.selenium.chrome.ChromeDriver
Command: [null, newSession {capabilities=[Capabilities {browserName: chrome, goog:chromeOptions: {args: [--start-maximized, --disable-web-security, --disable-features=VizDispl..., --disable-extensions, --disable-plugins, --disable-background-timer-..., --disable-backgrounding-occ..., --disable-renderer-backgrou..., --disable-ipc-flooding-prot..., --disable-hang-monitor, --disable-prompt-on-repost, --disable-domain-reliability, --max_old_space_size=4096, --disable-background-networ..., --no-first-run, --disable-default-apps, --disable-popup-blocking, --disable-translate, --disable-notifications, --disable-logging, --disable-login-animations, --disable-motion-blur, --disable-new-tab-first-run, --no-default-browser-check, --no-pings, --disable-sync, --disable-component-update, --disable-client-side-phish...], extensions: []}}]}]
[Test worker] ERROR com.kestrel.utils.Hooks - ? Failed to initialize web hunt: Chrome driver initialization failed
[Test worker] ERROR com.kestrel.utils.Hooks - ? Web hunt failed: Empty cart checkout attempt [Thread: Test worker]
[Test worker] WARN com.kestrel.utils.ScreenshotCapture - ?? No driver initialized, cannot capture screenshot
[Test worker] WARN com.kestrel.utils.ScreenshotCapture - ?? No driver initialized, cannot capture screenshot
[Test worker] INFO com.kestrel.utils.Hooks - ? ================================
[Test worker] INFO com.kestrel.utils.Hooks -    KESTREL ENGINE HUNT COMPLETE
[Test worker] INFO com.kestrel.utils.Hooks - ================================
[Test worker] WARN com.kestrel.utils.DriverManager - ? Emergency driver cleanup initiated
[Test worker] INFO com.kestrel.utils.DriverManager - ? Emergency cleanup completed
[Test worker] INFO com.kestrel.utils.Hooks - ? Hunt mission accomplished!
]]></system-err>
</testsuite>
